<?xml version="1.0" encoding="UTF-8"?>
<coverage generated="1527282257949" clover="3.2.0">
  <project timestamp="1527282257949" name="All files">
    <metrics statements="299" coveredstatements="193" conditionals="169" coveredconditionals="72" methods="68" coveredmethods="47" elements="536" coveredelements="312" complexity="0" loc="299" ncloc="299" packages="2" files="2" classes="2">
      <package name="lib">
        <metrics statements="296" coveredstatements="190" conditionals="169" coveredconditionals="72" methods="67" coveredmethods="47"/>
        <file name="index.js" path="E:\react-bootstrap4-form-validation\lib\index.js">
          <metrics statements="296" coveredstatements="190" conditionals="169" coveredconditionals="72" methods="67" coveredmethods="47"/>
          <line num="3" count="3" type="stmt"/>
          <line num="6" count="3" type="stmt"/>
          <line num="8" count="3" type="cond" truecount="1" falsecount="3"/>
          <line num="10" count="57" type="cond" truecount="5" falsecount="3"/>
          <line num="12" count="3" type="stmt"/>
          <line num="14" count="3" type="stmt"/>
          <line num="16" count="3" type="stmt"/>
          <line num="18" count="3" type="stmt"/>
          <line num="20" count="3" type="stmt"/>
          <line num="22" count="6" type="cond" truecount="3" falsecount="1"/>
          <line num="24" count="205" type="cond" truecount="3" falsecount="1"/>
          <line num="26" count="22" type="cond" truecount="1" falsecount="1"/>
          <line num="28" count="28" type="cond" truecount="5" falsecount="2"/>
          <line num="30" count="24" type="cond" truecount="6" falsecount="4"/>
          <line num="33" count="7" type="stmt"/>
          <line num="34" count="7" type="stmt"/>
          <line num="35" count="7" type="stmt"/>
          <line num="36" count="7" type="cond" truecount="5" falsecount="0"/>
          <line num="38" count="2" type="stmt"/>
          <line num="40" count="1" type="stmt"/>
          <line num="42" count="1" type="stmt"/>
          <line num="44" count="2" type="stmt"/>
          <line num="46" count="1" type="stmt"/>
          <line num="50" count="3" type="stmt"/>
          <line num="51" count="3" type="stmt"/>
          <line num="54" count="8" type="stmt"/>
          <line num="56" count="8" type="cond" truecount="1" falsecount="1"/>
          <line num="58" count="8" type="stmt"/>
          <line num="59" count="0" type="stmt"/>
          <line num="60" count="0" type="stmt"/>
          <line num="63" count="8" type="stmt"/>
          <line num="64" count="0" type="stmt"/>
          <line num="67" count="8" type="stmt"/>
          <line num="68" count="1" type="stmt"/>
          <line num="69" count="1" type="cond" truecount="1" falsecount="1"/>
          <line num="70" count="1" type="stmt"/>
          <line num="71" count="1" type="stmt"/>
          <line num="74" count="8" type="stmt"/>
          <line num="75" count="0" type="cond" truecount="0" falsecount="2"/>
          <line num="76" count="0" type="stmt"/>
          <line num="79" count="8" type="stmt"/>
          <line num="80" count="1" type="cond" truecount="1" falsecount="1"/>
          <line num="81" count="1" type="cond" truecount="1" falsecount="1"/>
          <line num="82" count="1" type="stmt"/>
          <line num="85" count="8" type="stmt"/>
          <line num="86" count="5" type="stmt"/>
          <line num="87" count="5" type="stmt"/>
          <line num="90" count="8" type="stmt"/>
          <line num="91" count="6" type="stmt"/>
          <line num="94" count="8" type="stmt"/>
          <line num="95" count="14" type="stmt"/>
          <line num="96" count="14" type="stmt"/>
          <line num="97" count="14" type="stmt"/>
          <line num="98" count="14" type="stmt"/>
          <line num="99" count="14" type="stmt"/>
          <line num="100" count="14" type="stmt"/>
          <line num="101" count="14" type="stmt"/>
          <line num="102" count="14" type="stmt"/>
          <line num="103" count="14" type="stmt"/>
          <line num="104" count="14" type="stmt"/>
          <line num="105" count="14" type="stmt"/>
          <line num="106" count="14" type="stmt"/>
          <line num="107" count="14" type="stmt"/>
          <line num="108" count="14" type="stmt"/>
          <line num="110" count="14" type="stmt"/>
          <line num="113" count="8" type="stmt"/>
          <line num="117" count="8" type="cond" truecount="1" falsecount="1"/>
          <line num="119" count="6" type="stmt"/>
          <line num="121" count="8" type="stmt"/>
          <line num="124" count="3" type="stmt"/>
          <line num="127" count="6" type="stmt"/>
          <line num="132" count="0" type="stmt"/>
          <line num="137" count="17" type="cond" truecount="1" falsecount="1"/>
          <line num="142" count="6" type="stmt"/>
          <line num="151" count="6" type="stmt"/>
          <line num="153" count="6" type="cond" truecount="2" falsecount="0"/>
          <line num="155" count="6" type="cond" truecount="1" falsecount="1"/>
          <line num="156" count="6" type="stmt"/>
          <line num="158" count="6" type="stmt"/>
          <line num="159" count="6" type="cond" truecount="1" falsecount="1"/>
          <line num="160" count="6" type="stmt"/>
          <line num="161" count="6" type="stmt"/>
          <line num="162" count="6" type="stmt"/>
          <line num="163" count="36" type="cond" truecount="2" falsecount="0"/>
          <line num="164" count="6" type="cond" truecount="3" falsecount="2"/>
          <line num="165" count="0" type="stmt"/>
          <line num="167" count="6" type="cond" truecount="1" falsecount="1"/>
          <line num="169" count="6" type="stmt"/>
          <line num="173" count="6" type="cond" truecount="1" falsecount="1"/>
          <line num="174" count="0" type="cond" truecount="0" falsecount="2"/>
          <line num="175" count="0" type="stmt"/>
          <line num="176" count="0" type="stmt"/>
          <line num="178" count="0" type="stmt"/>
          <line num="179" count="0" type="stmt"/>
          <line num="183" count="6" type="cond" truecount="1" falsecount="1"/>
          <line num="184" count="0" type="stmt"/>
          <line num="185" count="0" type="stmt"/>
          <line num="186" count="0" type="cond" truecount="0" falsecount="2"/>
          <line num="187" count="0" type="stmt"/>
          <line num="188" count="0" type="stmt"/>
          <line num="190" count="0" type="stmt"/>
          <line num="191" count="0" type="stmt"/>
          <line num="195" count="6" type="stmt"/>
          <line num="201" count="14" type="stmt"/>
          <line num="210" count="14" type="cond" truecount="5" falsecount="0"/>
          <line num="219" count="1" type="stmt"/>
          <line num="220" count="1" type="cond" truecount="1" falsecount="1"/>
          <line num="221" count="1" type="cond" truecount="1" falsecount="1"/>
          <line num="222" count="0" type="stmt"/>
          <line num="223" count="0" type="stmt"/>
          <line num="225" count="1" type="stmt"/>
          <line num="226" count="1" type="stmt"/>
          <line num="235" count="3" type="stmt"/>
          <line num="238" count="3" type="stmt"/>
          <line num="243" count="3" type="stmt"/>
          <line num="244" count="3" type="stmt"/>
          <line num="247" count="8" type="stmt"/>
          <line num="249" count="8" type="cond" truecount="1" falsecount="1"/>
          <line num="252" count="3" type="stmt"/>
          <line num="255" count="14" type="stmt"/>
          <line num="257" count="14" type="stmt"/>
          <line num="258" count="14" type="stmt"/>
          <line num="259" count="14" type="stmt"/>
          <line num="261" count="14" type="stmt"/>
          <line num="271" count="3" type="stmt"/>
          <line num="274" count="3" type="stmt"/>
          <line num="279" count="3" type="stmt"/>
          <line num="280" count="3" type="stmt"/>
          <line num="283" count="0" type="stmt"/>
          <line num="285" count="0" type="cond" truecount="0" falsecount="2"/>
          <line num="288" count="3" type="stmt"/>
          <line num="291" count="0" type="stmt"/>
          <line num="293" count="0" type="stmt"/>
          <line num="294" count="0" type="stmt"/>
          <line num="295" count="0" type="stmt"/>
          <line num="297" count="0" type="stmt"/>
          <line num="325" count="3" type="stmt"/>
          <line num="328" count="3" type="stmt"/>
          <line num="332" count="3" type="stmt"/>
          <line num="333" count="3" type="stmt"/>
          <line num="336" count="0" type="stmt"/>
          <line num="338" count="0" type="cond" truecount="0" falsecount="2"/>
          <line num="341" count="3" type="stmt"/>
          <line num="344" count="0" type="stmt"/>
          <line num="346" count="0" type="stmt"/>
          <line num="347" count="0" type="stmt"/>
          <line num="348" count="0" type="stmt"/>
          <line num="349" count="0" type="stmt"/>
          <line num="350" count="0" type="stmt"/>
          <line num="351" count="0" type="stmt"/>
          <line num="352" count="0" type="stmt"/>
          <line num="353" count="0" type="stmt"/>
          <line num="354" count="0" type="stmt"/>
          <line num="356" count="0" type="stmt"/>
          <line num="360" count="0" type="stmt"/>
          <line num="384" count="3" type="stmt"/>
          <line num="387" count="3" type="stmt"/>
          <line num="394" count="3" type="stmt"/>
          <line num="402" count="3" type="stmt"/>
          <line num="403" count="3" type="stmt"/>
          <line num="410" count="0" type="stmt"/>
          <line num="412" count="0" type="stmt"/>
          <line num="413" count="0" type="stmt"/>
          <line num="416" count="0" type="cond" truecount="0" falsecount="2"/>
          <line num="417" count="0" type="stmt"/>
          <line num="419" count="0" type="stmt"/>
          <line num="420" count="0" type="stmt"/>
          <line num="421" count="0" type="stmt"/>
          <line num="423" count="0" type="stmt"/>
          <line num="425" count="0" type="stmt"/>
          <line num="426" count="0" type="stmt"/>
          <line num="427" count="0" type="stmt"/>
          <line num="428" count="0" type="stmt"/>
          <line num="430" count="0" type="stmt"/>
          <line num="431" count="0" type="stmt"/>
          <line num="432" count="0" type="cond" truecount="0" falsecount="2"/>
          <line num="433" count="0" type="cond" truecount="0" falsecount="2"/>
          <line num="434" count="0" type="stmt"/>
          <line num="435" count="0" type="stmt"/>
          <line num="436" count="0" type="cond" truecount="0" falsecount="4"/>
          <line num="437" count="0" type="cond" truecount="0" falsecount="2"/>
          <line num="438" count="0" type="cond" truecount="0" falsecount="4"/>
          <line num="439" count="0" type="cond" truecount="0" falsecount="2"/>
          <line num="441" count="0" type="stmt"/>
          <line num="443" count="0" type="stmt"/>
          <line num="444" count="0" type="stmt"/>
          <line num="450" count="3" type="stmt"/>
          <line num="453" count="0" type="stmt"/>
          <line num="454" count="0" type="stmt"/>
          <line num="463" count="3" type="stmt"/>
          <line num="466" count="3" type="stmt"/>
          <line num="470" count="3" type="stmt"/>
          <line num="471" count="3" type="stmt"/>
          <line num="474" count="0" type="stmt"/>
          <line num="476" count="0" type="cond" truecount="0" falsecount="2"/>
          <line num="479" count="3" type="stmt"/>
          <line num="482" count="0" type="stmt"/>
          <line num="483" count="0" type="stmt"/>
          <line num="496" count="3" type="stmt"/>
          <line num="499" count="3" type="stmt"/>
          <line num="500" count="3" type="stmt"/>
          <line num="503" count="0" type="stmt"/>
          <line num="505" count="0" type="cond" truecount="0" falsecount="2"/>
          <line num="508" count="3" type="stmt"/>
          <line num="511" count="0" type="stmt"/>
          <line num="512" count="0" type="stmt"/>
          <line num="514" count="0" type="stmt"/>
          <line num="528" count="3" type="stmt"/>
          <line num="531" count="3" type="stmt"/>
          <line num="534" count="3" type="stmt"/>
          <line num="538" count="3" type="stmt"/>
          <line num="539" count="3" type="stmt"/>
          <line num="546" count="6" type="stmt"/>
          <line num="548" count="6" type="stmt"/>
          <line num="549" count="14" type="stmt"/>
          <line num="552" count="6" type="cond" truecount="1" falsecount="1"/>
          <line num="553" count="6" type="stmt"/>
          <line num="555" count="0" type="stmt"/>
          <line num="557" count="3" type="stmt"/>
          <line num="558" count="3" type="cond" truecount="1" falsecount="1"/>
          <line num="560" count="3" type="stmt"/>
          <line num="561" count="5" type="stmt"/>
          <line num="563" count="3" type="stmt"/>
          <line num="565" count="2" type="stmt"/>
          <line num="566" count="3" type="stmt"/>
          <line num="569" count="3" type="stmt"/>
          <line num="570" count="3" type="stmt"/>
          <line num="571" count="3" type="stmt"/>
          <line num="572" count="3" type="stmt"/>
          <line num="573" count="3" type="stmt"/>
          <line num="575" count="3" type="cond" truecount="1" falsecount="1"/>
          <line num="576" count="3" type="stmt"/>
          <line num="577" count="3" type="stmt"/>
          <line num="579" count="3" type="cond" truecount="1" falsecount="1"/>
          <line num="580" count="3" type="cond" truecount="2" falsecount="0"/>
          <line num="581" count="2" type="stmt"/>
          <line num="582" count="2" type="stmt"/>
          <line num="585" count="0" type="cond" truecount="0" falsecount="2"/>
          <line num="588" count="0" type="stmt"/>
          <line num="589" count="0" type="stmt"/>
          <line num="590" count="0" type="stmt"/>
          <line num="591" count="0" type="stmt"/>
          <line num="592" count="0" type="stmt"/>
          <line num="593" count="0" type="stmt"/>
          <line num="594" count="0" type="cond" truecount="0" falsecount="2"/>
          <line num="595" count="0" type="cond" truecount="0" falsecount="2"/>
          <line num="596" count="0" type="stmt"/>
          <line num="599" count="0" type="stmt"/>
          <line num="603" count="3" type="stmt"/>
          <line num="609" count="6" type="cond" truecount="1" falsecount="1"/>
          <line num="610" count="6" type="stmt"/>
          <line num="611" count="6" type="cond" truecount="1" falsecount="1"/>
          <line num="612" count="0" type="stmt"/>
          <line num="614" count="0" type="stmt"/>
          <line num="619" count="6" type="stmt"/>
          <line num="621" count="6" type="stmt"/>
          <line num="623" count="6" type="cond" truecount="1" falsecount="1"/>
          <line num="624" count="6" type="cond" truecount="1" falsecount="1"/>
          <line num="625" count="6" type="stmt"/>
          <line num="632" count="0" type="cond" truecount="0" falsecount="2"/>
          <line num="633" count="0" type="stmt"/>
          <line num="638" count="6" type="stmt"/>
          <line num="643" count="3" type="stmt"/>
          <line num="644" count="5" type="stmt"/>
          <line num="650" count="3" type="stmt"/>
          <line num="651" count="3" type="stmt"/>
          <line num="652" count="5" type="stmt"/>
          <line num="653" count="5" type="stmt"/>
          <line num="654" count="5" type="cond" truecount="5" falsecount="4"/>
          <line num="656" count="0" type="stmt"/>
          <line num="657" count="0" type="stmt"/>
          <line num="659" count="5" type="stmt"/>
          <line num="660" count="5" type="stmt"/>
          <line num="662" count="0" type="stmt"/>
          <line num="663" count="0" type="stmt"/>
          <line num="664" count="0" type="cond" truecount="0" falsecount="2"/>
          <line num="665" count="0" type="stmt"/>
          <line num="666" count="0" type="stmt"/>
          <line num="669" count="0" type="stmt"/>
          <line num="671" count="0" type="stmt"/>
          <line num="672" count="0" type="stmt"/>
          <line num="674" count="0" type="stmt"/>
          <line num="676" count="5" type="stmt"/>
          <line num="678" count="3" type="stmt"/>
          <line num="686" count="6" type="stmt"/>
          <line num="687" count="6" type="stmt"/>
          <line num="688" count="6" type="stmt"/>
          <line num="689" count="6" type="stmt"/>
          <line num="690" count="6" type="stmt"/>
          <line num="691" count="6" type="stmt"/>
          <line num="692" count="6" type="stmt"/>
          <line num="694" count="6" type="stmt"/>
          <line num="704" count="3" type="stmt"/>
          <line num="707" count="3" type="stmt"/>
          <line num="712" count="3" type="stmt"/>
          <line num="719" count="3" type="stmt"/>
        </file>
      </package>
      <package name="test">
        <metrics statements="3" coveredstatements="3" conditionals="0" coveredconditionals="0" methods="1" coveredmethods="0"/>
        <file name="jestsetup.jsx" path="E:\react-bootstrap4-form-validation\test\jestsetup.jsx">
          <metrics statements="3" coveredstatements="3" conditionals="0" coveredconditionals="0" methods="1" coveredmethods="0"/>
          <line num="5" count="3" type="stmt"/>
          <line num="7" count="3" type="stmt"/>
          <line num="8" count="3" type="stmt"/>
        </file>
      </package>
    </metrics>
  </project>
</coverage>
