{"E:\\react-bootstrap4-form-validation\\lib\\index.js": {"path":"E:\\react-bootstrap4-form-validation\\lib\\index.js","statementMap":{"0":{"start":{"line":3,"column":0},"end":{"line":5,"column":3}},"1":{"start":{"line":6,"column":0},"end":{"line":6,"column":188}},"2":{"start":{"line":8,"column":15},"end":{"line":8,"column":256}},"3":{"start":{"line":8,"column":52},"end":{"line":8,"column":239}},"4":{"start":{"line":8,"column":110},"end":{"line":8,"column":122}},"5":{"start":{"line":8,"column":124},"end":{"line":8,"column":237}},"6":{"start":{"line":8,"column":150},"end":{"line":8,"column":235}},"7":{"start":{"line":8,"column":207},"end":{"line":8,"column":233}},"8":{"start":{"line":8,"column":240},"end":{"line":8,"column":254}},"9":{"start":{"line":10,"column":19},"end":{"line":10,"column":563}},"10":{"start":{"line":10,"column":76},"end":{"line":10,"column":347}},"11":{"start":{"line":10,"column":134},"end":{"line":10,"column":142}},"12":{"start":{"line":10,"column":144},"end":{"line":10,"column":199}},"13":{"start":{"line":10,"column":200},"end":{"line":10,"column":231}},"14":{"start":{"line":10,"column":232},"end":{"line":10,"column":286}},"15":{"start":{"line":10,"column":259},"end":{"line":10,"column":286}},"16":{"start":{"line":10,"column":287},"end":{"line":10,"column":345}},"17":{"start":{"line":10,"column":350},"end":{"line":10,"column":559}},"18":{"start":{"line":10,"column":407},"end":{"line":10,"column":475}},"19":{"start":{"line":10,"column":423},"end":{"line":10,"column":475}},"20":{"start":{"line":10,"column":476},"end":{"line":10,"column":536}},"21":{"start":{"line":10,"column":493},"end":{"line":10,"column":536}},"22":{"start":{"line":10,"column":537},"end":{"line":10,"column":556}},"23":{"start":{"line":12,"column":0},"end":{"line":12,"column":38}},"24":{"start":{"line":14,"column":13},"end":{"line":14,"column":29}},"25":{"start":{"line":16,"column":14},"end":{"line":16,"column":44}},"26":{"start":{"line":18,"column":17},"end":{"line":18,"column":38}},"27":{"start":{"line":20,"column":18},"end":{"line":20,"column":52}},"28":{"start":{"line":22,"column":39},"end":{"line":22,"column":93}},"29":{"start":{"line":24,"column":60},"end":{"line":24,"column":62}},"30":{"start":{"line":24,"column":64},"end":{"line":24,"column":203}},"31":{"start":{"line":24,"column":85},"end":{"line":24,"column":120}},"32":{"start":{"line":24,"column":111},"end":{"line":24,"column":120}},"33":{"start":{"line":24,"column":121},"end":{"line":24,"column":181}},"34":{"start":{"line":24,"column":172},"end":{"line":24,"column":181}},"35":{"start":{"line":24,"column":182},"end":{"line":24,"column":201}},"36":{"start":{"line":24,"column":204},"end":{"line":24,"column":218}},"37":{"start":{"line":26,"column":50},"end":{"line":26,"column":151}},"38":{"start":{"line":26,"column":92},"end":{"line":26,"column":149}},"39":{"start":{"line":28,"column":50},"end":{"line":28,"column":151}},"40":{"start":{"line":28,"column":63},"end":{"line":28,"column":149}},"41":{"start":{"line":28,"column":152},"end":{"line":28,"column":238}},"42":{"start":{"line":30,"column":43},"end":{"line":30,"column":208}},"43":{"start":{"line":30,"column":106},"end":{"line":30,"column":206}},"44":{"start":{"line":30,"column":209},"end":{"line":30,"column":373}},"45":{"start":{"line":30,"column":374},"end":{"line":30,"column":492}},"46":{"start":{"line":30,"column":390},"end":{"line":30,"column":492}},"47":{"start":{"line":33,"column":14},"end":{"line":33,"column":34}},"48":{"start":{"line":34,"column":15},"end":{"line":34,"column":41}},"49":{"start":{"line":35,"column":4},"end":{"line":35,"column":30}},"50":{"start":{"line":36,"column":4},"end":{"line":47,"column":5}},"51":{"start":{"line":38,"column":12},"end":{"line":38,"column":23}},"52":{"start":{"line":40,"column":12},"end":{"line":40,"column":30}},"53":{"start":{"line":42,"column":12},"end":{"line":42,"column":37}},"54":{"start":{"line":44,"column":12},"end":{"line":44,"column":44}},"55":{"start":{"line":46,"column":12},"end":{"line":46,"column":52}},"56":{"start":{"line":50,"column":22},"end":{"line":236,"column":28}},"57":{"start":{"line":51,"column":4},"end":{"line":51,"column":49}},"58":{"start":{"line":54,"column":8},"end":{"line":54,"column":47}},"59":{"start":{"line":56,"column":20},"end":{"line":56,"column":141}},"60":{"start":{"line":58,"column":8},"end":{"line":61,"column":10}},"61":{"start":{"line":59,"column":12},"end":{"line":59,"column":64}},"62":{"start":{"line":60,"column":12},"end":{"line":60,"column":59}},"63":{"start":{"line":63,"column":8},"end":{"line":65,"column":10}},"64":{"start":{"line":64,"column":12},"end":{"line":64,"column":38}},"65":{"start":{"line":67,"column":8},"end":{"line":72,"column":10}},"66":{"start":{"line":68,"column":29},"end":{"line":68,"column":51}},"67":{"start":{"line":69,"column":12},"end":{"line":69,"column":45}},"68":{"start":{"line":69,"column":28},"end":{"line":69,"column":45}},"69":{"start":{"line":70,"column":12},"end":{"line":70,"column":38}},"70":{"start":{"line":71,"column":12},"end":{"line":71,"column":42}},"71":{"start":{"line":74,"column":8},"end":{"line":77,"column":10}},"72":{"start":{"line":75,"column":12},"end":{"line":75,"column":46}},"73":{"start":{"line":75,"column":39},"end":{"line":75,"column":46}},"74":{"start":{"line":76,"column":12},"end":{"line":76,"column":31}},"75":{"start":{"line":79,"column":8},"end":{"line":83,"column":10}},"76":{"start":{"line":80,"column":12},"end":{"line":80,"column":62}},"77":{"start":{"line":80,"column":38},"end":{"line":80,"column":62}},"78":{"start":{"line":81,"column":12},"end":{"line":81,"column":47}},"79":{"start":{"line":81,"column":40},"end":{"line":81,"column":47}},"80":{"start":{"line":82,"column":12},"end":{"line":82,"column":31}},"81":{"start":{"line":85,"column":8},"end":{"line":88,"column":10}},"82":{"start":{"line":86,"column":12},"end":{"line":86,"column":29}},"83":{"start":{"line":87,"column":12},"end":{"line":87,"column":38}},"84":{"start":{"line":90,"column":8},"end":{"line":92,"column":10}},"85":{"start":{"line":91,"column":12},"end":{"line":91,"column":50}},"86":{"start":{"line":94,"column":8},"end":{"line":111,"column":10}},"87":{"start":{"line":95,"column":30},"end":{"line":95,"column":41}},"88":{"start":{"line":96,"column":31},"end":{"line":96,"column":55}},"89":{"start":{"line":97,"column":33},"end":{"line":97,"column":59}},"90":{"start":{"line":98,"column":28},"end":{"line":98,"column":49}},"91":{"start":{"line":99,"column":38},"end":{"line":99,"column":69}},"92":{"start":{"line":100,"column":31},"end":{"line":100,"column":55}},"93":{"start":{"line":101,"column":33},"end":{"line":101,"column":59}},"94":{"start":{"line":102,"column":31},"end":{"line":102,"column":55}},"95":{"start":{"line":103,"column":24},"end":{"line":103,"column":41}},"96":{"start":{"line":104,"column":28},"end":{"line":104,"column":49}},"97":{"start":{"line":105,"column":25},"end":{"line":105,"column":43}},"98":{"start":{"line":106,"column":29},"end":{"line":106,"column":51}},"99":{"start":{"line":107,"column":32},"end":{"line":107,"column":57}},"100":{"start":{"line":108,"column":23},"end":{"line":108,"column":245}},"101":{"start":{"line":110,"column":12},"end":{"line":110,"column":24}},"102":{"start":{"line":113,"column":8},"end":{"line":116,"column":10}},"103":{"start":{"line":117,"column":8},"end":{"line":120,"column":10}},"104":{"start":{"line":117,"column":40},"end":{"line":117,"column":85}},"105":{"start":{"line":117,"column":90},"end":{"line":120,"column":10}},"106":{"start":{"line":119,"column":12},"end":{"line":119,"column":43}},"107":{"start":{"line":121,"column":8},"end":{"line":121,"column":21}},"108":{"start":{"line":124,"column":4},"end":{"line":233,"column":8}},"109":{"start":{"line":127,"column":12},"end":{"line":127,"column":42}},"110":{"start":{"line":132,"column":12},"end":{"line":132,"column":44}},"111":{"start":{"line":137,"column":12},"end":{"line":137,"column":64}},"112":{"start":{"line":142,"column":22},"end":{"line":149,"column":13}},"113":{"start":{"line":151,"column":31},"end":{"line":151,"column":54}},"114":{"start":{"line":153,"column":38},"end":{"line":153,"column":74}},"115":{"start":{"line":155,"column":12},"end":{"line":155,"column":92}},"116":{"start":{"line":155,"column":50},"end":{"line":155,"column":92}},"117":{"start":{"line":156,"column":12},"end":{"line":156,"column":116}},"118":{"start":{"line":158,"column":24},"end":{"line":158,"column":42}},"119":{"start":{"line":159,"column":12},"end":{"line":196,"column":13}},"120":{"start":{"line":160,"column":36},"end":{"line":160,"column":50}},"121":{"start":{"line":161,"column":38},"end":{"line":161,"column":40}},"122":{"start":{"line":162,"column":16},"end":{"line":171,"column":17}},"123":{"start":{"line":163,"column":20},"end":{"line":170,"column":21}},"124":{"start":{"line":164,"column":24},"end":{"line":168,"column":25}},"125":{"start":{"line":165,"column":28},"end":{"line":165,"column":68}},"126":{"start":{"line":167,"column":28},"end":{"line":167,"column":145}},"127":{"start":{"line":167,"column":56},"end":{"line":167,"column":98}},"128":{"start":{"line":167,"column":103},"end":{"line":167,"column":145}},"129":{"start":{"line":169,"column":24},"end":{"line":169,"column":30}},"130":{"start":{"line":173,"column":16},"end":{"line":181,"column":17}},"131":{"start":{"line":174,"column":20},"end":{"line":180,"column":21}},"132":{"start":{"line":175,"column":24},"end":{"line":175,"column":75}},"133":{"start":{"line":176,"column":24},"end":{"line":176,"column":113}},"134":{"start":{"line":178,"column":24},"end":{"line":178,"column":52}},"135":{"start":{"line":179,"column":24},"end":{"line":179,"column":45}},"136":{"start":{"line":183,"column":16},"end":{"line":193,"column":17}},"137":{"start":{"line":184,"column":38},"end":{"line":184,"column":58}},"138":{"start":{"line":185,"column":32},"end":{"line":185,"column":43}},"139":{"start":{"line":186,"column":20},"end":{"line":192,"column":21}},"140":{"start":{"line":187,"column":24},"end":{"line":187,"column":72}},"141":{"start":{"line":188,"column":24},"end":{"line":188,"column":65}},"142":{"start":{"line":190,"column":24},"end":{"line":190,"column":52}},"143":{"start":{"line":191,"column":24},"end":{"line":191,"column":45}},"144":{"start":{"line":195,"column":16},"end":{"line":195,"column":65}},"145":{"start":{"line":201,"column":12},"end":{"line":205,"column":14}},"146":{"start":{"line":210,"column":12},"end":{"line":214,"column":21}},"147":{"start":{"line":219,"column":27},"end":{"line":219,"column":45}},"148":{"start":{"line":220,"column":12},"end":{"line":228,"column":13}},"149":{"start":{"line":221,"column":16},"end":{"line":227,"column":17}},"150":{"start":{"line":222,"column":20},"end":{"line":222,"column":57}},"151":{"start":{"line":223,"column":20},"end":{"line":223,"column":58}},"152":{"start":{"line":225,"column":20},"end":{"line":225,"column":60}},"153":{"start":{"line":226,"column":20},"end":{"line":226,"column":55}},"154":{"start":{"line":235,"column":4},"end":{"line":235,"column":27}},"155":{"start":{"line":238,"column":0},"end":{"line":241,"column":2}},"156":{"start":{"line":243,"column":16},"end":{"line":272,"column":18}},"157":{"start":{"line":244,"column":4},"end":{"line":244,"column":43}},"158":{"start":{"line":247,"column":8},"end":{"line":247,"column":41}},"159":{"start":{"line":249,"column":8},"end":{"line":249,"column":130}},"160":{"start":{"line":252,"column":4},"end":{"line":269,"column":8}},"161":{"start":{"line":255,"column":24},"end":{"line":255,"column":42}},"162":{"start":{"line":257,"column":28},"end":{"line":257,"column":43}},"163":{"start":{"line":258,"column":33},"end":{"line":258,"column":53}},"164":{"start":{"line":259,"column":27},"end":{"line":259,"column":91}},"165":{"start":{"line":261,"column":12},"end":{"line":267,"column":14}},"166":{"start":{"line":271,"column":4},"end":{"line":271,"column":21}},"167":{"start":{"line":274,"column":0},"end":{"line":277,"column":3}},"168":{"start":{"line":279,"column":21},"end":{"line":326,"column":18}},"169":{"start":{"line":280,"column":4},"end":{"line":280,"column":49}},"170":{"start":{"line":283,"column":8},"end":{"line":283,"column":46}},"171":{"start":{"line":285,"column":8},"end":{"line":285,"column":140}},"172":{"start":{"line":288,"column":4},"end":{"line":323,"column":8}},"173":{"start":{"line":291,"column":24},"end":{"line":291,"column":42}},"174":{"start":{"line":293,"column":26},"end":{"line":293,"column":39}},"175":{"start":{"line":294,"column":25},"end":{"line":294,"column":37}},"176":{"start":{"line":295,"column":27},"end":{"line":295,"column":81}},"177":{"start":{"line":297,"column":12},"end":{"line":321,"column":14}},"178":{"start":{"line":325,"column":4},"end":{"line":325,"column":26}},"179":{"start":{"line":328,"column":0},"end":{"line":330,"column":3}},"180":{"start":{"line":332,"column":17},"end":{"line":385,"column":18}},"181":{"start":{"line":333,"column":4},"end":{"line":333,"column":45}},"182":{"start":{"line":336,"column":8},"end":{"line":336,"column":42}},"183":{"start":{"line":338,"column":8},"end":{"line":338,"column":132}},"184":{"start":{"line":341,"column":4},"end":{"line":382,"column":8}},"185":{"start":{"line":344,"column":25},"end":{"line":344,"column":29}},"186":{"start":{"line":346,"column":25},"end":{"line":346,"column":35}},"187":{"start":{"line":347,"column":25},"end":{"line":347,"column":38}},"188":{"start":{"line":348,"column":22},"end":{"line":348,"column":32}},"189":{"start":{"line":349,"column":25},"end":{"line":349,"column":38}},"190":{"start":{"line":350,"column":23},"end":{"line":350,"column":34}},"191":{"start":{"line":351,"column":25},"end":{"line":351,"column":38}},"192":{"start":{"line":352,"column":27},"end":{"line":352,"column":42}},"193":{"start":{"line":353,"column":31},"end":{"line":353,"column":50}},"194":{"start":{"line":354,"column":27},"end":{"line":354,"column":42}},"195":{"start":{"line":356,"column":12},"end":{"line":380,"column":14}},"196":{"start":{"line":360,"column":20},"end":{"line":373,"column":22}},"197":{"start":{"line":384,"column":4},"end":{"line":384,"column":22}},"198":{"start":{"line":387,"column":0},"end":{"line":393,"column":2}},"199":{"start":{"line":394,"column":0},"end":{"line":400,"column":2}},"200":{"start":{"line":402,"column":16},"end":{"line":464,"column":18}},"201":{"start":{"line":403,"column":4},"end":{"line":403,"column":44}},"202":{"start":{"line":410,"column":8},"end":{"line":410,"column":41}},"203":{"start":{"line":412,"column":8},"end":{"line":414,"column":9}},"204":{"start":{"line":413,"column":12},"end":{"line":413,"column":41}},"205":{"start":{"line":416,"column":8},"end":{"line":445,"column":60}},"206":{"start":{"line":417,"column":24},"end":{"line":417,"column":44}},"207":{"start":{"line":419,"column":30},"end":{"line":419,"column":47}},"208":{"start":{"line":420,"column":27},"end":{"line":420,"column":41}},"209":{"start":{"line":421,"column":23},"end":{"line":421,"column":83}},"210":{"start":{"line":423,"column":12},"end":{"line":423,"column":24}},"211":{"start":{"line":425,"column":31},"end":{"line":425,"column":43}},"212":{"start":{"line":426,"column":30},"end":{"line":426,"column":54}},"213":{"start":{"line":427,"column":27},"end":{"line":427,"column":48}},"214":{"start":{"line":428,"column":31},"end":{"line":428,"column":56}},"215":{"start":{"line":430,"column":27},"end":{"line":430,"column":47}},"216":{"start":{"line":431,"column":23},"end":{"line":431,"column":40}},"217":{"start":{"line":432,"column":12},"end":{"line":432,"column":30}},"218":{"start":{"line":432,"column":23},"end":{"line":432,"column":30}},"219":{"start":{"line":433,"column":24},"end":{"line":433,"column":71}},"220":{"start":{"line":434,"column":34},"end":{"line":434,"column":36}},"221":{"start":{"line":435,"column":32},"end":{"line":435,"column":100}},"222":{"start":{"line":436,"column":12},"end":{"line":442,"column":13}},"223":{"start":{"line":437,"column":16},"end":{"line":437,"column":83}},"224":{"start":{"line":438,"column":19},"end":{"line":442,"column":13}},"225":{"start":{"line":439,"column":16},"end":{"line":439,"column":97}},"226":{"start":{"line":441,"column":16},"end":{"line":441,"column":37}},"227":{"start":{"line":443,"column":12},"end":{"line":443,"column":56}},"228":{"start":{"line":444,"column":12},"end":{"line":444,"column":32}},"229":{"start":{"line":450,"column":4},"end":{"line":461,"column":8}},"230":{"start":{"line":453,"column":27},"end":{"line":453,"column":51}},"231":{"start":{"line":454,"column":12},"end":{"line":459,"column":14}},"232":{"start":{"line":463,"column":4},"end":{"line":463,"column":21}},"233":{"start":{"line":466,"column":0},"end":{"line":468,"column":46}},"234":{"start":{"line":470,"column":18},"end":{"line":497,"column":18}},"235":{"start":{"line":471,"column":4},"end":{"line":471,"column":46}},"236":{"start":{"line":474,"column":8},"end":{"line":474,"column":43}},"237":{"start":{"line":476,"column":8},"end":{"line":476,"column":134}},"238":{"start":{"line":479,"column":4},"end":{"line":494,"column":8}},"239":{"start":{"line":482,"column":27},"end":{"line":482,"column":45}},"240":{"start":{"line":483,"column":12},"end":{"line":492,"column":14}},"241":{"start":{"line":496,"column":4},"end":{"line":496,"column":23}},"242":{"start":{"line":499,"column":15},"end":{"line":529,"column":18}},"243":{"start":{"line":500,"column":4},"end":{"line":500,"column":43}},"244":{"start":{"line":503,"column":8},"end":{"line":503,"column":40}},"245":{"start":{"line":505,"column":8},"end":{"line":505,"column":128}},"246":{"start":{"line":508,"column":4},"end":{"line":526,"column":8}},"247":{"start":{"line":511,"column":27},"end":{"line":511,"column":45}},"248":{"start":{"line":512,"column":24},"end":{"line":512,"column":40}},"249":{"start":{"line":514,"column":12},"end":{"line":524,"column":14}},"250":{"start":{"line":528,"column":4},"end":{"line":528,"column":20}},"251":{"start":{"line":531,"column":0},"end":{"line":533,"column":3}},"252":{"start":{"line":534,"column":0},"end":{"line":536,"column":2}},"253":{"start":{"line":538,"column":21},"end":{"line":705,"column":28}},"254":{"start":{"line":539,"column":4},"end":{"line":539,"column":49}},"255":{"start":{"line":546,"column":8},"end":{"line":546,"column":46}},"256":{"start":{"line":548,"column":8},"end":{"line":550,"column":9}},"257":{"start":{"line":549,"column":12},"end":{"line":549,"column":43}},"258":{"start":{"line":552,"column":8},"end":{"line":600,"column":62}},"259":{"start":{"line":553,"column":12},"end":{"line":553,"column":60}},"260":{"start":{"line":555,"column":12},"end":{"line":555,"column":55}},"261":{"start":{"line":557,"column":23},"end":{"line":557,"column":39}},"262":{"start":{"line":558,"column":12},"end":{"line":558,"column":95}},"263":{"start":{"line":558,"column":59},"end":{"line":558,"column":95}},"264":{"start":{"line":560,"column":22},"end":{"line":562,"column":14}},"265":{"start":{"line":561,"column":16},"end":{"line":561,"column":36}},"266":{"start":{"line":563,"column":12},"end":{"line":563,"column":23}},"267":{"start":{"line":565,"column":12},"end":{"line":567,"column":15}},"268":{"start":{"line":566,"column":16},"end":{"line":566,"column":59}},"269":{"start":{"line":569,"column":23},"end":{"line":569,"column":39}},"270":{"start":{"line":570,"column":27},"end":{"line":570,"column":47}},"271":{"start":{"line":571,"column":27},"end":{"line":571,"column":58}},"272":{"start":{"line":572,"column":12},"end":{"line":572,"column":33}},"273":{"start":{"line":573,"column":12},"end":{"line":573,"column":36}},"274":{"start":{"line":575,"column":12},"end":{"line":586,"column":13}},"275":{"start":{"line":576,"column":16},"end":{"line":576,"column":39}},"276":{"start":{"line":577,"column":16},"end":{"line":577,"column":40}},"277":{"start":{"line":579,"column":16},"end":{"line":579,"column":102}},"278":{"start":{"line":579,"column":48},"end":{"line":579,"column":102}},"279":{"start":{"line":580,"column":16},"end":{"line":583,"column":17}},"280":{"start":{"line":581,"column":42},"end":{"line":581,"column":78}},"281":{"start":{"line":582,"column":20},"end":{"line":582,"column":58}},"282":{"start":{"line":585,"column":16},"end":{"line":585,"column":92}},"283":{"start":{"line":585,"column":43},"end":{"line":585,"column":92}},"284":{"start":{"line":588,"column":12},"end":{"line":598,"column":13}},"285":{"start":{"line":589,"column":16},"end":{"line":589,"column":85}},"286":{"start":{"line":590,"column":31},"end":{"line":590,"column":64}},"287":{"start":{"line":591,"column":16},"end":{"line":591,"column":54}},"288":{"start":{"line":592,"column":16},"end":{"line":592,"column":56}},"289":{"start":{"line":593,"column":16},"end":{"line":593,"column":47}},"290":{"start":{"line":594,"column":16},"end":{"line":597,"column":17}},"291":{"start":{"line":595,"column":20},"end":{"line":595,"column":78}},"292":{"start":{"line":595,"column":53},"end":{"line":595,"column":78}},"293":{"start":{"line":596,"column":20},"end":{"line":596,"column":40}},"294":{"start":{"line":599,"column":12},"end":{"line":599,"column":63}},"295":{"start":{"line":603,"column":4},"end":{"line":702,"column":8}},"296":{"start":{"line":609,"column":12},"end":{"line":609,"column":60}},"297":{"start":{"line":609,"column":47},"end":{"line":609,"column":60}},"298":{"start":{"line":610,"column":12},"end":{"line":613,"column":13}},"299":{"start":{"line":611,"column":16},"end":{"line":611,"column":71}},"300":{"start":{"line":611,"column":59},"end":{"line":611,"column":71}},"301":{"start":{"line":612,"column":16},"end":{"line":612,"column":44}},"302":{"start":{"line":614,"column":12},"end":{"line":614,"column":25}},"303":{"start":{"line":619,"column":26},"end":{"line":619,"column":30}},"304":{"start":{"line":621,"column":30},"end":{"line":637,"column":14}},"305":{"start":{"line":623,"column":16},"end":{"line":623,"column":41}},"306":{"start":{"line":623,"column":28},"end":{"line":623,"column":41}},"307":{"start":{"line":624,"column":16},"end":{"line":636,"column":17}},"308":{"start":{"line":625,"column":20},"end":{"line":630,"column":24}},"309":{"start":{"line":632,"column":20},"end":{"line":632,"column":64}},"310":{"start":{"line":632,"column":51},"end":{"line":632,"column":64}},"311":{"start":{"line":633,"column":20},"end":{"line":635,"column":23}},"312":{"start":{"line":638,"column":12},"end":{"line":638,"column":31}},"313":{"start":{"line":643,"column":12},"end":{"line":645,"column":13}},"314":{"start":{"line":644,"column":16},"end":{"line":644,"column":50}},"315":{"start":{"line":650,"column":24},"end":{"line":650,"column":26}},"316":{"start":{"line":651,"column":12},"end":{"line":677,"column":13}},"317":{"start":{"line":652,"column":31},"end":{"line":652,"column":62}},"318":{"start":{"line":653,"column":28},"end":{"line":653,"column":32}},"319":{"start":{"line":654,"column":16},"end":{"line":675,"column":17}},"320":{"start":{"line":656,"column":24},"end":{"line":656,"column":49}},"321":{"start":{"line":657,"column":24},"end":{"line":657,"column":30}},"322":{"start":{"line":659,"column":24},"end":{"line":659,"column":47}},"323":{"start":{"line":660,"column":24},"end":{"line":660,"column":30}},"324":{"start":{"line":662,"column":37},"end":{"line":662,"column":69}},"325":{"start":{"line":663,"column":24},"end":{"line":668,"column":25}},"326":{"start":{"line":664,"column":28},"end":{"line":667,"column":29}},"327":{"start":{"line":665,"column":32},"end":{"line":665,"column":56}},"328":{"start":{"line":666,"column":32},"end":{"line":666,"column":38}},"329":{"start":{"line":669,"column":24},"end":{"line":669,"column":30}},"330":{"start":{"line":671,"column":24},"end":{"line":671,"column":50}},"331":{"start":{"line":672,"column":24},"end":{"line":672,"column":30}},"332":{"start":{"line":674,"column":24},"end":{"line":674,"column":37}},"333":{"start":{"line":676,"column":16},"end":{"line":676,"column":36}},"334":{"start":{"line":678,"column":12},"end":{"line":678,"column":25}},"335":{"start":{"line":686,"column":26},"end":{"line":686,"column":36}},"336":{"start":{"line":687,"column":27},"end":{"line":687,"column":43}},"337":{"start":{"line":688,"column":32},"end":{"line":688,"column":53}},"338":{"start":{"line":689,"column":28},"end":{"line":689,"column":45}},"339":{"start":{"line":690,"column":34},"end":{"line":690,"column":57}},"340":{"start":{"line":691,"column":38},"end":{"line":691,"column":65}},"341":{"start":{"line":692,"column":27},"end":{"line":692,"column":146}},"342":{"start":{"line":694,"column":12},"end":{"line":700,"column":14}},"343":{"start":{"line":704,"column":4},"end":{"line":704,"column":26}},"344":{"start":{"line":707,"column":0},"end":{"line":711,"column":2}},"345":{"start":{"line":712,"column":0},"end":{"line":718,"column":2}},"346":{"start":{"line":719,"column":0},"end":{"line":727,"column":2}}},"fnMap":{"0":{"name":"(anonymous_0)","decl":{"start":{"line":8,"column":32},"end":{"line":8,"column":33}},"loc":{"start":{"line":8,"column":50},"end":{"line":8,"column":256}},"line":8},"1":{"name":"(anonymous_1)","decl":{"start":{"line":10,"column":19},"end":{"line":10,"column":20}},"loc":{"start":{"line":10,"column":31},"end":{"line":10,"column":561}},"line":10},"2":{"name":"defineProperties","decl":{"start":{"line":10,"column":42},"end":{"line":10,"column":58}},"loc":{"start":{"line":10,"column":74},"end":{"line":10,"column":349}},"line":10},"3":{"name":"(anonymous_3)","decl":{"start":{"line":10,"column":357},"end":{"line":10,"column":358}},"loc":{"start":{"line":10,"column":405},"end":{"line":10,"column":558}},"line":10},"4":{"name":"_interopRequireDefault","decl":{"start":{"line":22,"column":9},"end":{"line":22,"column":31}},"loc":{"start":{"line":22,"column":37},"end":{"line":22,"column":95}},"line":22},"5":{"name":"_objectWithoutProperties","decl":{"start":{"line":24,"column":9},"end":{"line":24,"column":33}},"loc":{"start":{"line":24,"column":45},"end":{"line":24,"column":220}},"line":24},"6":{"name":"_classCallCheck","decl":{"start":{"line":26,"column":9},"end":{"line":26,"column":24}},"loc":{"start":{"line":26,"column":48},"end":{"line":26,"column":153}},"line":26},"7":{"name":"_possibleConstructorReturn","decl":{"start":{"line":28,"column":9},"end":{"line":28,"column":35}},"loc":{"start":{"line":28,"column":48},"end":{"line":28,"column":240}},"line":28},"8":{"name":"_inherits","decl":{"start":{"line":30,"column":9},"end":{"line":30,"column":18}},"loc":{"start":{"line":30,"column":41},"end":{"line":30,"column":494}},"line":30},"9":{"name":"parseFileSize","decl":{"start":{"line":32,"column":9},"end":{"line":32,"column":22}},"loc":{"start":{"line":32,"column":29},"end":{"line":48,"column":1}},"line":32},"10":{"name":"(anonymous_10)","decl":{"start":{"line":50,"column":48},"end":{"line":50,"column":49}},"loc":{"start":{"line":50,"column":76},"end":{"line":236,"column":1}},"line":50},"11":{"name":"BaseFormControl","decl":{"start":{"line":53,"column":13},"end":{"line":53,"column":28}},"loc":{"start":{"line":53,"column":36},"end":{"line":122,"column":5}},"line":53},"12":{"name":"(anonymous_12)","decl":{"start":{"line":58,"column":25},"end":{"line":58,"column":26}},"loc":{"start":{"line":58,"column":49},"end":{"line":61,"column":9}},"line":58},"13":{"name":"(anonymous_13)","decl":{"start":{"line":63,"column":27},"end":{"line":63,"column":28}},"loc":{"start":{"line":63,"column":39},"end":{"line":65,"column":9}},"line":63},"14":{"name":"(anonymous_14)","decl":{"start":{"line":67,"column":27},"end":{"line":67,"column":28}},"loc":{"start":{"line":67,"column":40},"end":{"line":72,"column":9}},"line":67},"15":{"name":"(anonymous_15)","decl":{"start":{"line":74,"column":27},"end":{"line":74,"column":28}},"loc":{"start":{"line":74,"column":40},"end":{"line":77,"column":9}},"line":74},"16":{"name":"(anonymous_16)","decl":{"start":{"line":79,"column":29},"end":{"line":79,"column":30}},"loc":{"start":{"line":79,"column":42},"end":{"line":83,"column":9}},"line":79},"17":{"name":"(anonymous_17)","decl":{"start":{"line":85,"column":30},"end":{"line":85,"column":31}},"loc":{"start":{"line":85,"column":42},"end":{"line":88,"column":9}},"line":85},"18":{"name":"(anonymous_18)","decl":{"start":{"line":90,"column":25},"end":{"line":90,"column":26}},"loc":{"start":{"line":90,"column":37},"end":{"line":92,"column":9}},"line":90},"19":{"name":"(anonymous_19)","decl":{"start":{"line":94,"column":28},"end":{"line":94,"column":29}},"loc":{"start":{"line":94,"column":40},"end":{"line":111,"column":9}},"line":94},"20":{"name":"(anonymous_20)","decl":{"start":{"line":117,"column":107},"end":{"line":117,"column":108}},"loc":{"start":{"line":117,"column":126},"end":{"line":120,"column":9}},"line":117},"21":{"name":"componentDidMount","decl":{"start":{"line":126,"column":24},"end":{"line":126,"column":41}},"loc":{"start":{"line":126,"column":44},"end":{"line":128,"column":9}},"line":126},"22":{"name":"componentWillUnmount","decl":{"start":{"line":131,"column":24},"end":{"line":131,"column":44}},"loc":{"start":{"line":131,"column":47},"end":{"line":133,"column":9}},"line":131},"23":{"name":"getInputRef","decl":{"start":{"line":136,"column":24},"end":{"line":136,"column":35}},"loc":{"start":{"line":136,"column":38},"end":{"line":138,"column":9}},"line":136},"24":{"name":"buildErrorMessage","decl":{"start":{"line":141,"column":24},"end":{"line":141,"column":41}},"loc":{"start":{"line":141,"column":44},"end":{"line":197,"column":9}},"line":141},"25":{"name":"displayErrorMessage","decl":{"start":{"line":200,"column":24},"end":{"line":200,"column":43}},"loc":{"start":{"line":200,"column":46},"end":{"line":206,"column":9}},"line":200},"26":{"name":"displaySuccessMessage","decl":{"start":{"line":209,"column":24},"end":{"line":209,"column":45}},"loc":{"start":{"line":209,"column":48},"end":{"line":215,"column":9}},"line":209},"27":{"name":"changeInputErrorClass","decl":{"start":{"line":218,"column":24},"end":{"line":218,"column":45}},"loc":{"start":{"line":218,"column":48},"end":{"line":229,"column":9}},"line":218},"28":{"name":"(anonymous_28)","decl":{"start":{"line":243,"column":36},"end":{"line":243,"column":37}},"loc":{"start":{"line":243,"column":64},"end":{"line":272,"column":1}},"line":243},"29":{"name":"TextInput","decl":{"start":{"line":246,"column":13},"end":{"line":246,"column":22}},"loc":{"start":{"line":246,"column":25},"end":{"line":250,"column":5}},"line":246},"30":{"name":"render","decl":{"start":{"line":254,"column":24},"end":{"line":254,"column":30}},"loc":{"start":{"line":254,"column":33},"end":{"line":268,"column":9}},"line":254},"31":{"name":"(anonymous_31)","decl":{"start":{"line":279,"column":46},"end":{"line":279,"column":47}},"loc":{"start":{"line":279,"column":75},"end":{"line":326,"column":1}},"line":279},"32":{"name":"TextInputGroup","decl":{"start":{"line":282,"column":13},"end":{"line":282,"column":27}},"loc":{"start":{"line":282,"column":30},"end":{"line":286,"column":5}},"line":282},"33":{"name":"render","decl":{"start":{"line":290,"column":24},"end":{"line":290,"column":30}},"loc":{"start":{"line":290,"column":33},"end":{"line":322,"column":9}},"line":290},"34":{"name":"(anonymous_34)","decl":{"start":{"line":332,"column":38},"end":{"line":332,"column":39}},"loc":{"start":{"line":332,"column":67},"end":{"line":385,"column":1}},"line":332},"35":{"name":"RadioGroup","decl":{"start":{"line":335,"column":13},"end":{"line":335,"column":23}},"loc":{"start":{"line":335,"column":26},"end":{"line":339,"column":5}},"line":335},"36":{"name":"render","decl":{"start":{"line":343,"column":24},"end":{"line":343,"column":30}},"loc":{"start":{"line":343,"column":33},"end":{"line":381,"column":9}},"line":343},"37":{"name":"(anonymous_37)","decl":{"start":{"line":359,"column":27},"end":{"line":359,"column":28}},"loc":{"start":{"line":359,"column":47},"end":{"line":374,"column":17}},"line":359},"38":{"name":"(anonymous_38)","decl":{"start":{"line":402,"column":36},"end":{"line":402,"column":37}},"loc":{"start":{"line":402,"column":65},"end":{"line":464,"column":1}},"line":402},"39":{"name":"FileInput","decl":{"start":{"line":405,"column":13},"end":{"line":405,"column":22}},"loc":{"start":{"line":405,"column":25},"end":{"line":446,"column":5}},"line":405},"40":{"name":"(anonymous_40)","decl":{"start":{"line":416,"column":215},"end":{"line":416,"column":216}},"loc":{"start":{"line":416,"column":227},"end":{"line":424,"column":9}},"line":416},"41":{"name":"(anonymous_41)","decl":{"start":{"line":424,"column":33},"end":{"line":424,"column":34}},"loc":{"start":{"line":424,"column":45},"end":{"line":445,"column":9}},"line":424},"42":{"name":"render","decl":{"start":{"line":452,"column":24},"end":{"line":452,"column":30}},"loc":{"start":{"line":452,"column":33},"end":{"line":460,"column":9}},"line":452},"43":{"name":"(anonymous_43)","decl":{"start":{"line":470,"column":40},"end":{"line":470,"column":41}},"loc":{"start":{"line":470,"column":69},"end":{"line":497,"column":1}},"line":470},"44":{"name":"SelectGroup","decl":{"start":{"line":473,"column":13},"end":{"line":473,"column":24}},"loc":{"start":{"line":473,"column":27},"end":{"line":477,"column":5}},"line":473},"45":{"name":"render","decl":{"start":{"line":481,"column":24},"end":{"line":481,"column":30}},"loc":{"start":{"line":481,"column":33},"end":{"line":493,"column":9}},"line":481},"46":{"name":"(anonymous_46)","decl":{"start":{"line":499,"column":34},"end":{"line":499,"column":35}},"loc":{"start":{"line":499,"column":63},"end":{"line":529,"column":1}},"line":499},"47":{"name":"Checkbox","decl":{"start":{"line":502,"column":13},"end":{"line":502,"column":21}},"loc":{"start":{"line":502,"column":24},"end":{"line":506,"column":5}},"line":502},"48":{"name":"render","decl":{"start":{"line":510,"column":24},"end":{"line":510,"column":30}},"loc":{"start":{"line":510,"column":33},"end":{"line":525,"column":9}},"line":510},"49":{"name":"(anonymous_49)","decl":{"start":{"line":538,"column":46},"end":{"line":538,"column":47}},"loc":{"start":{"line":538,"column":75},"end":{"line":705,"column":1}},"line":538},"50":{"name":"ValidationForm","decl":{"start":{"line":541,"column":13},"end":{"line":541,"column":27}},"loc":{"start":{"line":541,"column":30},"end":{"line":601,"column":5}},"line":541},"51":{"name":"(anonymous_51)","decl":{"start":{"line":552,"column":244},"end":{"line":552,"column":245}},"loc":{"start":{"line":552,"column":265},"end":{"line":554,"column":9}},"line":552},"52":{"name":"(anonymous_52)","decl":{"start":{"line":554,"column":35},"end":{"line":554,"column":36}},"loc":{"start":{"line":554,"column":56},"end":{"line":556,"column":9}},"line":554},"53":{"name":"(anonymous_53)","decl":{"start":{"line":556,"column":32},"end":{"line":556,"column":33}},"loc":{"start":{"line":556,"column":44},"end":{"line":559,"column":9}},"line":556},"54":{"name":"(anonymous_54)","decl":{"start":{"line":559,"column":30},"end":{"line":559,"column":31}},"loc":{"start":{"line":559,"column":48},"end":{"line":564,"column":9}},"line":559},"55":{"name":"(anonymous_55)","decl":{"start":{"line":560,"column":46},"end":{"line":560,"column":47}},"loc":{"start":{"line":560,"column":62},"end":{"line":562,"column":13}},"line":560},"56":{"name":"(anonymous_56)","decl":{"start":{"line":564,"column":40},"end":{"line":564,"column":41}},"loc":{"start":{"line":564,"column":58},"end":{"line":568,"column":9}},"line":564},"57":{"name":"(anonymous_57)","decl":{"start":{"line":565,"column":31},"end":{"line":565,"column":32}},"loc":{"start":{"line":565,"column":48},"end":{"line":567,"column":13}},"line":565},"58":{"name":"(anonymous_58)","decl":{"start":{"line":568,"column":33},"end":{"line":568,"column":34}},"loc":{"start":{"line":568,"column":50},"end":{"line":587,"column":9}},"line":568},"59":{"name":"(anonymous_59)","decl":{"start":{"line":587,"column":41},"end":{"line":587,"column":42}},"loc":{"start":{"line":587,"column":65},"end":{"line":600,"column":9}},"line":587},"60":{"name":"componentDidMount","decl":{"start":{"line":605,"column":24},"end":{"line":605,"column":41}},"loc":{"start":{"line":605,"column":44},"end":{"line":605,"column":46}},"line":605},"61":{"name":"isBaseFormControl","decl":{"start":{"line":608,"column":24},"end":{"line":608,"column":41}},"loc":{"start":{"line":608,"column":51},"end":{"line":615,"column":9}},"line":608},"62":{"name":"registerChildren","decl":{"start":{"line":618,"column":24},"end":{"line":618,"column":40}},"loc":{"start":{"line":618,"column":51},"end":{"line":639,"column":9}},"line":618},"63":{"name":"(anonymous_63)","decl":{"start":{"line":621,"column":69},"end":{"line":621,"column":70}},"loc":{"start":{"line":621,"column":86},"end":{"line":637,"column":13}},"line":621},"64":{"name":"validateInputs","decl":{"start":{"line":642,"column":24},"end":{"line":642,"column":38}},"loc":{"start":{"line":642,"column":41},"end":{"line":646,"column":9}},"line":642},"65":{"name":"getFormData","decl":{"start":{"line":649,"column":24},"end":{"line":649,"column":35}},"loc":{"start":{"line":649,"column":38},"end":{"line":679,"column":9}},"line":649},"66":{"name":"render","decl":{"start":{"line":685,"column":24},"end":{"line":685,"column":30}},"loc":{"start":{"line":685,"column":33},"end":{"line":701,"column":9}},"line":685}},"branchMap":{"0":{"loc":{"start":{"line":8,"column":15},"end":{"line":8,"column":256}},"type":"binary-expr","locations":[{"start":{"line":8,"column":15},"end":{"line":8,"column":28}},{"start":{"line":8,"column":32},"end":{"line":8,"column":256}}],"line":8},"1":{"loc":{"start":{"line":8,"column":150},"end":{"line":8,"column":235}},"type":"if","locations":[{"start":{"line":8,"column":150},"end":{"line":8,"column":235}},{"start":{"line":8,"column":150},"end":{"line":8,"column":235}}],"line":8},"2":{"loc":{"start":{"line":10,"column":168},"end":{"line":10,"column":198}},"type":"binary-expr","locations":[{"start":{"line":10,"column":168},"end":{"line":10,"column":189}},{"start":{"line":10,"column":193},"end":{"line":10,"column":198}}],"line":10},"3":{"loc":{"start":{"line":10,"column":232},"end":{"line":10,"column":286}},"type":"if","locations":[{"start":{"line":10,"column":232},"end":{"line":10,"column":286}},{"start":{"line":10,"column":232},"end":{"line":10,"column":286}}],"line":10},"4":{"loc":{"start":{"line":10,"column":407},"end":{"line":10,"column":475}},"type":"if","locations":[{"start":{"line":10,"column":407},"end":{"line":10,"column":475}},{"start":{"line":10,"column":407},"end":{"line":10,"column":475}}],"line":10},"5":{"loc":{"start":{"line":10,"column":476},"end":{"line":10,"column":536}},"type":"if","locations":[{"start":{"line":10,"column":476},"end":{"line":10,"column":536}},{"start":{"line":10,"column":476},"end":{"line":10,"column":536}}],"line":10},"6":{"loc":{"start":{"line":22,"column":46},"end":{"line":22,"column":92}},"type":"cond-expr","locations":[{"start":{"line":22,"column":70},"end":{"line":22,"column":73}},{"start":{"line":22,"column":76},"end":{"line":22,"column":92}}],"line":22},"7":{"loc":{"start":{"line":22,"column":46},"end":{"line":22,"column":67}},"type":"binary-expr","locations":[{"start":{"line":22,"column":46},"end":{"line":22,"column":49}},{"start":{"line":22,"column":53},"end":{"line":22,"column":67}}],"line":22},"8":{"loc":{"start":{"line":24,"column":85},"end":{"line":24,"column":120}},"type":"if","locations":[{"start":{"line":24,"column":85},"end":{"line":24,"column":120}},{"start":{"line":24,"column":85},"end":{"line":24,"column":120}}],"line":24},"9":{"loc":{"start":{"line":24,"column":121},"end":{"line":24,"column":181}},"type":"if","locations":[{"start":{"line":24,"column":121},"end":{"line":24,"column":181}},{"start":{"line":24,"column":121},"end":{"line":24,"column":181}}],"line":24},"10":{"loc":{"start":{"line":26,"column":50},"end":{"line":26,"column":151}},"type":"if","locations":[{"start":{"line":26,"column":50},"end":{"line":26,"column":151}},{"start":{"line":26,"column":50},"end":{"line":26,"column":151}}],"line":26},"11":{"loc":{"start":{"line":28,"column":50},"end":{"line":28,"column":151}},"type":"if","locations":[{"start":{"line":28,"column":50},"end":{"line":28,"column":151}},{"start":{"line":28,"column":50},"end":{"line":28,"column":151}}],"line":28},"12":{"loc":{"start":{"line":28,"column":159},"end":{"line":28,"column":237}},"type":"cond-expr","locations":[{"start":{"line":28,"column":226},"end":{"line":28,"column":230}},{"start":{"line":28,"column":233},"end":{"line":28,"column":237}}],"line":28},"13":{"loc":{"start":{"line":28,"column":159},"end":{"line":28,"column":223}},"type":"binary-expr","locations":[{"start":{"line":28,"column":159},"end":{"line":28,"column":163}},{"start":{"line":28,"column":168},"end":{"line":28,"column":192}},{"start":{"line":28,"column":196},"end":{"line":28,"column":222}}],"line":28},"14":{"loc":{"start":{"line":30,"column":43},"end":{"line":30,"column":208}},"type":"if","locations":[{"start":{"line":30,"column":43},"end":{"line":30,"column":208}},{"start":{"line":30,"column":43},"end":{"line":30,"column":208}}],"line":30},"15":{"loc":{"start":{"line":30,"column":47},"end":{"line":30,"column":102}},"type":"binary-expr","locations":[{"start":{"line":30,"column":47},"end":{"line":30,"column":79}},{"start":{"line":30,"column":83},"end":{"line":30,"column":102}}],"line":30},"16":{"loc":{"start":{"line":30,"column":244},"end":{"line":30,"column":278}},"type":"binary-expr","locations":[{"start":{"line":30,"column":244},"end":{"line":30,"column":254}},{"start":{"line":30,"column":258},"end":{"line":30,"column":278}}],"line":30},"17":{"loc":{"start":{"line":30,"column":374},"end":{"line":30,"column":492}},"type":"if","locations":[{"start":{"line":30,"column":374},"end":{"line":30,"column":492}},{"start":{"line":30,"column":374},"end":{"line":30,"column":492}}],"line":30},"18":{"loc":{"start":{"line":30,"column":390},"end":{"line":30,"column":491}},"type":"cond-expr","locations":[{"start":{"line":30,"column":414},"end":{"line":30,"column":457}},{"start":{"line":30,"column":460},"end":{"line":30,"column":491}}],"line":30},"19":{"loc":{"start":{"line":36,"column":4},"end":{"line":47,"column":5}},"type":"switch","locations":[{"start":{"line":37,"column":8},"end":{"line":38,"column":23}},{"start":{"line":39,"column":8},"end":{"line":40,"column":30}},{"start":{"line":41,"column":8},"end":{"line":42,"column":37}},{"start":{"line":43,"column":8},"end":{"line":44,"column":44}},{"start":{"line":45,"column":8},"end":{"line":46,"column":52}}],"line":36},"20":{"loc":{"start":{"line":56,"column":54},"end":{"line":56,"column":121}},"type":"binary-expr","locations":[{"start":{"line":56,"column":54},"end":{"line":56,"column":79}},{"start":{"line":56,"column":83},"end":{"line":56,"column":121}}],"line":56},"21":{"loc":{"start":{"line":69,"column":12},"end":{"line":69,"column":45}},"type":"if","locations":[{"start":{"line":69,"column":12},"end":{"line":69,"column":45}},{"start":{"line":69,"column":12},"end":{"line":69,"column":45}}],"line":69},"22":{"loc":{"start":{"line":75,"column":12},"end":{"line":75,"column":46}},"type":"if","locations":[{"start":{"line":75,"column":12},"end":{"line":75,"column":46}},{"start":{"line":75,"column":12},"end":{"line":75,"column":46}}],"line":75},"23":{"loc":{"start":{"line":80,"column":12},"end":{"line":80,"column":62}},"type":"if","locations":[{"start":{"line":80,"column":12},"end":{"line":80,"column":62}},{"start":{"line":80,"column":12},"end":{"line":80,"column":62}}],"line":80},"24":{"loc":{"start":{"line":81,"column":12},"end":{"line":81,"column":47}},"type":"if","locations":[{"start":{"line":81,"column":12},"end":{"line":81,"column":47}},{"start":{"line":81,"column":12},"end":{"line":81,"column":47}}],"line":81},"25":{"loc":{"start":{"line":117,"column":8},"end":{"line":120,"column":10}},"type":"if","locations":[{"start":{"line":117,"column":8},"end":{"line":120,"column":10}},{"start":{"line":117,"column":8},"end":{"line":120,"column":10}}],"line":117},"26":{"loc":{"start":{"line":137,"column":19},"end":{"line":137,"column":63}},"type":"binary-expr","locations":[{"start":{"line":137,"column":19},"end":{"line":137,"column":38}},{"start":{"line":137,"column":42},"end":{"line":137,"column":63}}],"line":137},"27":{"loc":{"start":{"line":153,"column":38},"end":{"line":153,"column":74}},"type":"binary-expr","locations":[{"start":{"line":153,"column":38},"end":{"line":153,"column":68}},{"start":{"line":153,"column":72},"end":{"line":153,"column":74}}],"line":153},"28":{"loc":{"start":{"line":155,"column":12},"end":{"line":155,"column":92}},"type":"if","locations":[{"start":{"line":155,"column":12},"end":{"line":155,"column":92}},{"start":{"line":155,"column":12},"end":{"line":155,"column":92}}],"line":155},"29":{"loc":{"start":{"line":159,"column":12},"end":{"line":196,"column":13}},"type":"if","locations":[{"start":{"line":159,"column":12},"end":{"line":196,"column":13}},{"start":{"line":159,"column":12},"end":{"line":196,"column":13}}],"line":159},"30":{"loc":{"start":{"line":163,"column":20},"end":{"line":170,"column":21}},"type":"if","locations":[{"start":{"line":163,"column":20},"end":{"line":170,"column":21}},{"start":{"line":163,"column":20},"end":{"line":170,"column":21}}],"line":163},"31":{"loc":{"start":{"line":164,"column":24},"end":{"line":168,"column":25}},"type":"if","locations":[{"start":{"line":164,"column":24},"end":{"line":168,"column":25}},{"start":{"line":164,"column":24},"end":{"line":168,"column":25}}],"line":164},"32":{"loc":{"start":{"line":164,"column":28},"end":{"line":164,"column":108}},"type":"binary-expr","locations":[{"start":{"line":164,"column":29},"end":{"line":164,"column":54}},{"start":{"line":164,"column":58},"end":{"line":164,"column":82}},{"start":{"line":164,"column":87},"end":{"line":164,"column":108}}],"line":164},"33":{"loc":{"start":{"line":167,"column":28},"end":{"line":167,"column":145}},"type":"if","locations":[{"start":{"line":167,"column":28},"end":{"line":167,"column":145}},{"start":{"line":167,"column":28},"end":{"line":167,"column":145}}],"line":167},"34":{"loc":{"start":{"line":173,"column":16},"end":{"line":181,"column":17}},"type":"if","locations":[{"start":{"line":173,"column":16},"end":{"line":181,"column":17}},{"start":{"line":173,"column":16},"end":{"line":181,"column":17}}],"line":173},"35":{"loc":{"start":{"line":174,"column":20},"end":{"line":180,"column":21}},"type":"if","locations":[{"start":{"line":174,"column":20},"end":{"line":180,"column":21}},{"start":{"line":174,"column":20},"end":{"line":180,"column":21}}],"line":174},"36":{"loc":{"start":{"line":183,"column":16},"end":{"line":193,"column":17}},"type":"if","locations":[{"start":{"line":183,"column":16},"end":{"line":193,"column":17}},{"start":{"line":183,"column":16},"end":{"line":193,"column":17}}],"line":183},"37":{"loc":{"start":{"line":186,"column":20},"end":{"line":192,"column":21}},"type":"if","locations":[{"start":{"line":186,"column":20},"end":{"line":192,"column":21}},{"start":{"line":186,"column":20},"end":{"line":192,"column":21}}],"line":186},"38":{"loc":{"start":{"line":210,"column":19},"end":{"line":214,"column":20}},"type":"cond-expr","locations":[{"start":{"line":210,"column":101},"end":{"line":214,"column":13}},{"start":{"line":214,"column":16},"end":{"line":214,"column":20}}],"line":210},"39":{"loc":{"start":{"line":210,"column":19},"end":{"line":210,"column":98}},"type":"binary-expr","locations":[{"start":{"line":210,"column":19},"end":{"line":210,"column":41}},{"start":{"line":210,"column":45},"end":{"line":210,"column":69}},{"start":{"line":210,"column":73},"end":{"line":210,"column":98}}],"line":210},"40":{"loc":{"start":{"line":220,"column":12},"end":{"line":228,"column":13}},"type":"if","locations":[{"start":{"line":220,"column":12},"end":{"line":228,"column":13}},{"start":{"line":220,"column":12},"end":{"line":228,"column":13}}],"line":220},"41":{"loc":{"start":{"line":221,"column":16},"end":{"line":227,"column":17}},"type":"if","locations":[{"start":{"line":221,"column":16},"end":{"line":227,"column":17}},{"start":{"line":221,"column":16},"end":{"line":227,"column":17}}],"line":221},"42":{"loc":{"start":{"line":249,"column":49},"end":{"line":249,"column":104}},"type":"binary-expr","locations":[{"start":{"line":249,"column":49},"end":{"line":249,"column":68}},{"start":{"line":249,"column":72},"end":{"line":249,"column":104}}],"line":249},"43":{"loc":{"start":{"line":264,"column":16},"end":{"line":264,"column":380}},"type":"cond-expr","locations":[{"start":{"line":264,"column":28},"end":{"line":264,"column":204}},{"start":{"line":264,"column":207},"end":{"line":264,"column":380}}],"line":264},"44":{"loc":{"start":{"line":285,"column":49},"end":{"line":285,"column":114}},"type":"binary-expr","locations":[{"start":{"line":285,"column":49},"end":{"line":285,"column":73}},{"start":{"line":285,"column":77},"end":{"line":285,"column":114}}],"line":285},"45":{"loc":{"start":{"line":303,"column":20},"end":{"line":307,"column":21}},"type":"binary-expr","locations":[{"start":{"line":303,"column":20},"end":{"line":303,"column":27}},{"start":{"line":303,"column":31},"end":{"line":307,"column":21}}],"line":303},"46":{"loc":{"start":{"line":309,"column":20},"end":{"line":313,"column":21}},"type":"binary-expr","locations":[{"start":{"line":309,"column":20},"end":{"line":309,"column":26}},{"start":{"line":309,"column":30},"end":{"line":313,"column":21}}],"line":309},"47":{"loc":{"start":{"line":315,"column":16},"end":{"line":319,"column":17}},"type":"binary-expr","locations":[{"start":{"line":315,"column":16},"end":{"line":315,"column":39}},{"start":{"line":315,"column":43},"end":{"line":319,"column":17}}],"line":315},"48":{"loc":{"start":{"line":338,"column":49},"end":{"line":338,"column":106}},"type":"binary-expr","locations":[{"start":{"line":338,"column":49},"end":{"line":338,"column":69}},{"start":{"line":338,"column":73},"end":{"line":338,"column":106}}],"line":338},"49":{"loc":{"start":{"line":362,"column":54},"end":{"line":362,"column":87}},"type":"cond-expr","locations":[{"start":{"line":362,"column":63},"end":{"line":362,"column":82}},{"start":{"line":362,"column":85},"end":{"line":362,"column":87}}],"line":362},"50":{"loc":{"start":{"line":375,"column":16},"end":{"line":379,"column":17}},"type":"binary-expr","locations":[{"start":{"line":375,"column":16},"end":{"line":375,"column":39}},{"start":{"line":375,"column":43},"end":{"line":379,"column":17}}],"line":375},"51":{"loc":{"start":{"line":416,"column":82},"end":{"line":416,"column":137}},"type":"binary-expr","locations":[{"start":{"line":416,"column":82},"end":{"line":416,"column":101}},{"start":{"line":416,"column":105},"end":{"line":416,"column":137}}],"line":416},"52":{"loc":{"start":{"line":432,"column":12},"end":{"line":432,"column":30}},"type":"if","locations":[{"start":{"line":432,"column":12},"end":{"line":432,"column":30}},{"start":{"line":432,"column":12},"end":{"line":432,"column":30}}],"line":432},"53":{"loc":{"start":{"line":433,"column":24},"end":{"line":433,"column":71}},"type":"cond-expr","locations":[{"start":{"line":433,"column":38},"end":{"line":433,"column":64}},{"start":{"line":433,"column":67},"end":{"line":433,"column":71}}],"line":433},"54":{"loc":{"start":{"line":436,"column":12},"end":{"line":442,"column":13}},"type":"if","locations":[{"start":{"line":436,"column":12},"end":{"line":442,"column":13}},{"start":{"line":436,"column":12},"end":{"line":442,"column":13}}],"line":436},"55":{"loc":{"start":{"line":436,"column":16},"end":{"line":436,"column":72}},"type":"binary-expr","locations":[{"start":{"line":436,"column":16},"end":{"line":436,"column":35}},{"start":{"line":436,"column":39},"end":{"line":436,"column":72}}],"line":436},"56":{"loc":{"start":{"line":437,"column":34},"end":{"line":437,"column":82}},"type":"binary-expr","locations":[{"start":{"line":437,"column":34},"end":{"line":437,"column":58}},{"start":{"line":437,"column":62},"end":{"line":437,"column":82}}],"line":437},"57":{"loc":{"start":{"line":438,"column":19},"end":{"line":442,"column":13}},"type":"if","locations":[{"start":{"line":438,"column":19},"end":{"line":442,"column":13}},{"start":{"line":438,"column":19},"end":{"line":442,"column":13}}],"line":438},"58":{"loc":{"start":{"line":438,"column":23},"end":{"line":438,"column":49}},"type":"binary-expr","locations":[{"start":{"line":438,"column":23},"end":{"line":438,"column":28}},{"start":{"line":438,"column":32},"end":{"line":438,"column":49}}],"line":438},"59":{"loc":{"start":{"line":439,"column":34},"end":{"line":439,"column":96}},"type":"binary-expr","locations":[{"start":{"line":439,"column":34},"end":{"line":439,"column":54}},{"start":{"line":439,"column":58},"end":{"line":439,"column":96}}],"line":439},"60":{"loc":{"start":{"line":476,"column":49},"end":{"line":476,"column":108}},"type":"binary-expr","locations":[{"start":{"line":476,"column":49},"end":{"line":476,"column":70}},{"start":{"line":476,"column":74},"end":{"line":476,"column":108}}],"line":476},"61":{"loc":{"start":{"line":505,"column":49},"end":{"line":505,"column":102}},"type":"binary-expr","locations":[{"start":{"line":505,"column":49},"end":{"line":505,"column":67}},{"start":{"line":505,"column":71},"end":{"line":505,"column":102}}],"line":505},"62":{"loc":{"start":{"line":552,"column":85},"end":{"line":552,"column":150}},"type":"binary-expr","locations":[{"start":{"line":552,"column":85},"end":{"line":552,"column":109}},{"start":{"line":552,"column":113},"end":{"line":552,"column":150}}],"line":552},"63":{"loc":{"start":{"line":558,"column":12},"end":{"line":558,"column":95}},"type":"if","locations":[{"start":{"line":558,"column":12},"end":{"line":558,"column":95}},{"start":{"line":558,"column":12},"end":{"line":558,"column":95}}],"line":558},"64":{"loc":{"start":{"line":575,"column":12},"end":{"line":586,"column":13}},"type":"if","locations":[{"start":{"line":575,"column":12},"end":{"line":586,"column":13}},{"start":{"line":575,"column":12},"end":{"line":586,"column":13}}],"line":575},"65":{"loc":{"start":{"line":579,"column":16},"end":{"line":579,"column":102}},"type":"if","locations":[{"start":{"line":579,"column":16},"end":{"line":579,"column":102}},{"start":{"line":579,"column":16},"end":{"line":579,"column":102}}],"line":579},"66":{"loc":{"start":{"line":580,"column":16},"end":{"line":583,"column":17}},"type":"if","locations":[{"start":{"line":580,"column":16},"end":{"line":583,"column":17}},{"start":{"line":580,"column":16},"end":{"line":583,"column":17}}],"line":580},"67":{"loc":{"start":{"line":585,"column":16},"end":{"line":585,"column":92}},"type":"if","locations":[{"start":{"line":585,"column":16},"end":{"line":585,"column":92}},{"start":{"line":585,"column":16},"end":{"line":585,"column":92}}],"line":585},"68":{"loc":{"start":{"line":594,"column":16},"end":{"line":597,"column":17}},"type":"if","locations":[{"start":{"line":594,"column":16},"end":{"line":597,"column":17}},{"start":{"line":594,"column":16},"end":{"line":597,"column":17}}],"line":594},"69":{"loc":{"start":{"line":595,"column":20},"end":{"line":595,"column":78}},"type":"if","locations":[{"start":{"line":595,"column":20},"end":{"line":595,"column":78}},{"start":{"line":595,"column":20},"end":{"line":595,"column":78}}],"line":595},"70":{"loc":{"start":{"line":609,"column":12},"end":{"line":609,"column":60}},"type":"if","locations":[{"start":{"line":609,"column":12},"end":{"line":609,"column":60}},{"start":{"line":609,"column":12},"end":{"line":609,"column":60}}],"line":609},"71":{"loc":{"start":{"line":611,"column":16},"end":{"line":611,"column":71}},"type":"if","locations":[{"start":{"line":611,"column":16},"end":{"line":611,"column":71}},{"start":{"line":611,"column":16},"end":{"line":611,"column":71}}],"line":611},"72":{"loc":{"start":{"line":623,"column":16},"end":{"line":623,"column":41}},"type":"if","locations":[{"start":{"line":623,"column":16},"end":{"line":623,"column":41}},{"start":{"line":623,"column":16},"end":{"line":623,"column":41}}],"line":623},"73":{"loc":{"start":{"line":624,"column":16},"end":{"line":636,"column":17}},"type":"if","locations":[{"start":{"line":624,"column":16},"end":{"line":636,"column":17}},{"start":{"line":624,"column":16},"end":{"line":636,"column":17}}],"line":624},"74":{"loc":{"start":{"line":632,"column":20},"end":{"line":632,"column":64}},"type":"if","locations":[{"start":{"line":632,"column":20},"end":{"line":632,"column":64}},{"start":{"line":632,"column":20},"end":{"line":632,"column":64}}],"line":632},"75":{"loc":{"start":{"line":634,"column":34},"end":{"line":634,"column":146}},"type":"cond-expr","locations":[{"start":{"line":634,"column":77},"end":{"line":634,"column":97}},{"start":{"line":634,"column":100},"end":{"line":634,"column":146}}],"line":634},"76":{"loc":{"start":{"line":654,"column":16},"end":{"line":675,"column":17}},"type":"switch","locations":[{"start":{"line":655,"column":20},"end":{"line":657,"column":30}},{"start":{"line":658,"column":20},"end":{"line":658,"column":32}},{"start":{"line":658,"column":32},"end":{"line":658,"column":45}},{"start":{"line":658,"column":45},"end":{"line":658,"column":63}},{"start":{"line":658,"column":63},"end":{"line":658,"column":79}},{"start":{"line":658,"column":79},"end":{"line":660,"column":30}},{"start":{"line":661,"column":20},"end":{"line":669,"column":30}},{"start":{"line":670,"column":20},"end":{"line":672,"column":30}},{"start":{"line":673,"column":20},"end":{"line":674,"column":37}}],"line":654},"77":{"loc":{"start":{"line":664,"column":28},"end":{"line":667,"column":29}},"type":"if","locations":[{"start":{"line":664,"column":28},"end":{"line":667,"column":29}},{"start":{"line":664,"column":28},"end":{"line":667,"column":29}}],"line":664}},"s":{"0":3,"1":3,"2":3,"3":0,"4":0,"5":0,"6":0,"7":0,"8":0,"9":3,"10":24,"11":57,"12":57,"13":57,"14":57,"15":57,"16":57,"17":3,"18":24,"19":24,"20":24,"21":0,"22":24,"23":3,"24":3,"25":3,"26":3,"27":3,"28":6,"29":34,"30":34,"31":205,"32":82,"33":123,"34":0,"35":123,"36":34,"37":22,"38":0,"39":28,"40":0,"41":28,"42":24,"43":0,"44":24,"45":24,"46":24,"47":7,"48":7,"49":7,"50":7,"51":2,"52":1,"53":1,"54":2,"55":1,"56":3,"57":3,"58":8,"59":8,"60":8,"61":0,"62":0,"63":8,"64":0,"65":8,"66":1,"67":1,"68":1,"69":1,"70":1,"71":8,"72":0,"73":0,"74":0,"75":8,"76":1,"77":0,"78":1,"79":0,"80":1,"81":8,"82":5,"83":5,"84":8,"85":6,"86":8,"87":14,"88":14,"89":14,"90":14,"91":14,"92":14,"93":14,"94":14,"95":14,"96":14,"97":14,"98":14,"99":14,"100":14,"101":14,"102":8,"103":8,"104":0,"105":8,"106":6,"107":8,"108":3,"109":6,"110":0,"111":17,"112":6,"113":6,"114":6,"115":6,"116":0,"117":6,"118":6,"119":6,"120":6,"121":6,"122":6,"123":36,"124":6,"125":0,"126":6,"127":0,"128":6,"129":6,"130":6,"131":0,"132":0,"133":0,"134":0,"135":0,"136":6,"137":0,"138":0,"139":0,"140":0,"141":0,"142":0,"143":0,"144":6,"145":14,"146":14,"147":1,"148":1,"149":1,"150":0,"151":0,"152":1,"153":1,"154":3,"155":3,"156":3,"157":3,"158":8,"159":8,"160":3,"161":14,"162":14,"163":14,"164":14,"165":14,"166":3,"167":3,"168":3,"169":3,"170":0,"171":0,"172":3,"173":0,"174":0,"175":0,"176":0,"177":0,"178":3,"179":3,"180":3,"181":3,"182":0,"183":0,"184":3,"185":0,"186":0,"187":0,"188":0,"189":0,"190":0,"191":0,"192":0,"193":0,"194":0,"195":0,"196":0,"197":3,"198":3,"199":3,"200":3,"201":3,"202":0,"203":0,"204":0,"205":0,"206":0,"207":0,"208":0,"209":0,"210":0,"211":0,"212":0,"213":0,"214":0,"215":0,"216":0,"217":0,"218":0,"219":0,"220":0,"221":0,"222":0,"223":0,"224":0,"225":0,"226":0,"227":0,"228":0,"229":3,"230":0,"231":0,"232":3,"233":3,"234":3,"235":3,"236":0,"237":0,"238":3,"239":0,"240":0,"241":3,"242":3,"243":3,"244":0,"245":0,"246":3,"247":0,"248":0,"249":0,"250":3,"251":3,"252":3,"253":3,"254":3,"255":6,"256":6,"257":14,"258":6,"259":6,"260":0,"261":3,"262":3,"263":3,"264":3,"265":5,"266":3,"267":2,"268":3,"269":3,"270":3,"271":3,"272":3,"273":3,"274":3,"275":3,"276":3,"277":3,"278":0,"279":3,"280":2,"281":2,"282":0,"283":0,"284":0,"285":0,"286":0,"287":0,"288":0,"289":0,"290":0,"291":0,"292":0,"293":0,"294":0,"295":3,"296":6,"297":0,"298":6,"299":6,"300":6,"301":0,"302":0,"303":6,"304":6,"305":6,"306":0,"307":6,"308":6,"309":0,"310":0,"311":0,"312":6,"313":3,"314":5,"315":3,"316":3,"317":5,"318":5,"319":5,"320":0,"321":0,"322":5,"323":5,"324":0,"325":0,"326":0,"327":0,"328":0,"329":0,"330":0,"331":0,"332":0,"333":5,"334":3,"335":6,"336":6,"337":6,"338":6,"339":6,"340":6,"341":6,"342":6,"343":3,"344":3,"345":3,"346":3},"f":{"0":0,"1":3,"2":24,"3":24,"4":6,"5":34,"6":22,"7":28,"8":24,"9":7,"10":3,"11":8,"12":0,"13":0,"14":1,"15":0,"16":1,"17":5,"18":6,"19":14,"20":6,"21":6,"22":0,"23":17,"24":6,"25":14,"26":14,"27":1,"28":3,"29":8,"30":14,"31":3,"32":0,"33":0,"34":3,"35":0,"36":0,"37":0,"38":3,"39":0,"40":0,"41":0,"42":0,"43":3,"44":0,"45":0,"46":3,"47":0,"48":0,"49":3,"50":6,"51":6,"52":0,"53":3,"54":3,"55":5,"56":2,"57":3,"58":3,"59":0,"60":4,"61":6,"62":6,"63":6,"64":3,"65":3,"66":6},"b":{"0":[3,0],"1":[0,0],"2":[57,57],"3":[57,0],"4":[24,0],"5":[0,24],"6":[0,6],"7":[6,6],"8":[82,123],"9":[0,123],"10":[0,22],"11":[0,28],"12":[14,14],"13":[28,14,0],"14":[0,24],"15":[24,0],"16":[24,24],"17":[24,0],"18":[24,0],"19":[2,1,1,2,1],"20":[8,0],"21":[1,0],"22":[0,0],"23":[0,1],"24":[0,1],"25":[0,8],"26":[17,0],"27":[6,6],"28":[0,6],"29":[6,0],"30":[6,30],"31":[0,6],"32":[6,6,0],"33":[0,6],"34":[0,6],"35":[0,0],"36":[0,6],"37":[0,0],"38":[1,13],"39":[14,6,3],"40":[1,0],"41":[0,1],"42":[8,0],"43":[1,13],"44":[0,0],"45":[0,0],"46":[0,0],"47":[0,0],"48":[0,0],"49":[0,0],"50":[0,0],"51":[0,0],"52":[0,0],"53":[0,0],"54":[0,0],"55":[0,0],"56":[0,0],"57":[0,0],"58":[0,0],"59":[0,0],"60":[0,0],"61":[0,0],"62":[6,0],"63":[3,0],"64":[3,0],"65":[0,3],"66":[2,1],"67":[0,0],"68":[0,0],"69":[0,0],"70":[0,6],"71":[6,0],"72":[0,6],"73":[6,0],"74":[0,0],"75":[0,0],"76":[0,5,5,5,5,5,0,0,0],"77":[0,0]},"_coverageSchema":"332fd63041d2c1bcb487cc26dd0d5f7d97098a6c","hash":"f9cb10f35a7901a7e907d85bd6d93339719cacfc"}
,"E:\\react-bootstrap4-form-validation\\test\\jestsetup.jsx": {"path":"E:\\react-bootstrap4-form-validation\\test\\jestsetup.jsx","statementMap":{"0":{"start":{"line":5,"column":0},"end":{"line":5,"column":45}},"1":{"start":{"line":7,"column":0},"end":{"line":7,"column":29}},"2":{"start":{"line":8,"column":0},"end":{"line":8,"column":64}}},"fnMap":{"0":{"name":"(anonymous_0)","decl":{"start":{"line":7,"column":19},"end":{"line":7,"column":20}},"loc":{"start":{"line":7,"column":25},"end":{"line":7,"column":28}},"line":7}},"branchMap":{},"s":{"0":3,"1":3,"2":3},"f":{"0":0},"b":{},"_coverageSchema":"332fd63041d2c1bcb487cc26dd0d5f7d97098a6c","hash":"2b66ab425a50134e3cfae282b28395f97c0d230f"}
}
