TN:
SF:E:\react-bootstrap4-form-validation\lib\index.js
FN:8,(anonymous_0)
FN:10,(anonymous_1)
FN:10,defineProperties
FN:10,(anonymous_3)
FN:22,_interopRequireDefault
FN:24,_objectWithoutProperties
FN:26,_classCallCheck
FN:28,_possibleConstructorReturn
FN:30,_inherits
FN:32,parseFileSize
FN:50,(anonymous_10)
FN:53,BaseFormControl
FN:58,(anonymous_12)
FN:63,(anonymous_13)
FN:67,(anonymous_14)
FN:74,(anonymous_15)
FN:79,(anonymous_16)
FN:85,(anonymous_17)
FN:90,(anonymous_18)
FN:94,(anonymous_19)
FN:117,(anonymous_20)
FN:126,componentDidMount
FN:131,componentWillUnmount
FN:136,getInputRef
FN:141,buildErrorMessage
FN:200,displayErrorMessage
FN:209,displaySuccessMessage
FN:218,changeInputErrorClass
FN:243,(anonymous_28)
FN:246,TextInput
FN:254,render
FN:279,(anonymous_31)
FN:282,TextInputGroup
FN:290,render
FN:332,(anonymous_34)
FN:335,RadioGroup
FN:343,render
FN:359,(anonymous_37)
FN:402,(anonymous_38)
FN:405,FileInput
FN:416,(anonymous_40)
FN:424,(anonymous_41)
FN:452,render
FN:470,(anonymous_43)
FN:473,SelectGroup
FN:481,render
FN:499,(anonymous_46)
FN:502,Checkbox
FN:510,render
FN:538,(anonymous_49)
FN:541,ValidationForm
FN:552,(anonymous_51)
FN:554,(anonymous_52)
FN:556,(anonymous_53)
FN:559,(anonymous_54)
FN:560,(anonymous_55)
FN:564,(anonymous_56)
FN:565,(anonymous_57)
FN:568,(anonymous_58)
FN:587,(anonymous_59)
FN:605,componentDidMount
FN:608,isBaseFormControl
FN:618,registerChildren
FN:621,(anonymous_63)
FN:642,validateInputs
FN:649,getFormData
FN:685,render
FNF:67
FNH:47
FNDA:0,(anonymous_0)
FNDA:3,(anonymous_1)
FNDA:24,defineProperties
FNDA:24,(anonymous_3)
FNDA:6,_interopRequireDefault
FNDA:34,_objectWithoutProperties
FNDA:22,_classCallCheck
FNDA:28,_possibleConstructorReturn
FNDA:24,_inherits
FNDA:7,parseFileSize
FNDA:3,(anonymous_10)
FNDA:8,BaseFormControl
FNDA:0,(anonymous_12)
FNDA:0,(anonymous_13)
FNDA:1,(anonymous_14)
FNDA:0,(anonymous_15)
FNDA:1,(anonymous_16)
FNDA:5,(anonymous_17)
FNDA:6,(anonymous_18)
FNDA:14,(anonymous_19)
FNDA:6,(anonymous_20)
FNDA:6,componentDidMount
FNDA:0,componentWillUnmount
FNDA:17,getInputRef
FNDA:6,buildErrorMessage
FNDA:14,displayErrorMessage
FNDA:14,displaySuccessMessage
FNDA:1,changeInputErrorClass
FNDA:3,(anonymous_28)
FNDA:8,TextInput
FNDA:14,render
FNDA:3,(anonymous_31)
FNDA:0,TextInputGroup
FNDA:0,render
FNDA:3,(anonymous_34)
FNDA:0,RadioGroup
FNDA:0,render
FNDA:0,(anonymous_37)
FNDA:3,(anonymous_38)
FNDA:0,FileInput
FNDA:0,(anonymous_40)
FNDA:0,(anonymous_41)
FNDA:0,render
FNDA:3,(anonymous_43)
FNDA:0,SelectGroup
FNDA:0,render
FNDA:3,(anonymous_46)
FNDA:0,Checkbox
FNDA:0,render
FNDA:3,(anonymous_49)
FNDA:6,ValidationForm
FNDA:6,(anonymous_51)
FNDA:0,(anonymous_52)
FNDA:3,(anonymous_53)
FNDA:3,(anonymous_54)
FNDA:5,(anonymous_55)
FNDA:2,(anonymous_56)
FNDA:3,(anonymous_57)
FNDA:3,(anonymous_58)
FNDA:0,(anonymous_59)
FNDA:4,componentDidMount
FNDA:6,isBaseFormControl
FNDA:6,registerChildren
FNDA:6,(anonymous_63)
FNDA:3,validateInputs
FNDA:3,getFormData
FNDA:6,render
DA:3,3
DA:6,3
DA:8,3
DA:10,57
DA:12,3
DA:14,3
DA:16,3
DA:18,3
DA:20,3
DA:22,6
DA:24,205
DA:26,22
DA:28,28
DA:30,24
DA:33,7
DA:34,7
DA:35,7
DA:36,7
DA:38,2
DA:40,1
DA:42,1
DA:44,2
DA:46,1
DA:50,3
DA:51,3
DA:54,8
DA:56,8
DA:58,8
DA:59,0
DA:60,0
DA:63,8
DA:64,0
DA:67,8
DA:68,1
DA:69,1
DA:70,1
DA:71,1
DA:74,8
DA:75,0
DA:76,0
DA:79,8
DA:80,1
DA:81,1
DA:82,1
DA:85,8
DA:86,5
DA:87,5
DA:90,8
DA:91,6
DA:94,8
DA:95,14
DA:96,14
DA:97,14
DA:98,14
DA:99,14
DA:100,14
DA:101,14
DA:102,14
DA:103,14
DA:104,14
DA:105,14
DA:106,14
DA:107,14
DA:108,14
DA:110,14
DA:113,8
DA:117,8
DA:119,6
DA:121,8
DA:124,3
DA:127,6
DA:132,0
DA:137,17
DA:142,6
DA:151,6
DA:153,6
DA:155,6
DA:156,6
DA:158,6
DA:159,6
DA:160,6
DA:161,6
DA:162,6
DA:163,36
DA:164,6
DA:165,0
DA:167,6
DA:169,6
DA:173,6
DA:174,0
DA:175,0
DA:176,0
DA:178,0
DA:179,0
DA:183,6
DA:184,0
DA:185,0
DA:186,0
DA:187,0
DA:188,0
DA:190,0
DA:191,0
DA:195,6
DA:201,14
DA:210,14
DA:219,1
DA:220,1
DA:221,1
DA:222,0
DA:223,0
DA:225,1
DA:226,1
DA:235,3
DA:238,3
DA:243,3
DA:244,3
DA:247,8
DA:249,8
DA:252,3
DA:255,14
DA:257,14
DA:258,14
DA:259,14
DA:261,14
DA:271,3
DA:274,3
DA:279,3
DA:280,3
DA:283,0
DA:285,0
DA:288,3
DA:291,0
DA:293,0
DA:294,0
DA:295,0
DA:297,0
DA:325,3
DA:328,3
DA:332,3
DA:333,3
DA:336,0
DA:338,0
DA:341,3
DA:344,0
DA:346,0
DA:347,0
DA:348,0
DA:349,0
DA:350,0
DA:351,0
DA:352,0
DA:353,0
DA:354,0
DA:356,0
DA:360,0
DA:384,3
DA:387,3
DA:394,3
DA:402,3
DA:403,3
DA:410,0
DA:412,0
DA:413,0
DA:416,0
DA:417,0
DA:419,0
DA:420,0
DA:421,0
DA:423,0
DA:425,0
DA:426,0
DA:427,0
DA:428,0
DA:430,0
DA:431,0
DA:432,0
DA:433,0
DA:434,0
DA:435,0
DA:436,0
DA:437,0
DA:438,0
DA:439,0
DA:441,0
DA:443,0
DA:444,0
DA:450,3
DA:453,0
DA:454,0
DA:463,3
DA:466,3
DA:470,3
DA:471,3
DA:474,0
DA:476,0
DA:479,3
DA:482,0
DA:483,0
DA:496,3
DA:499,3
DA:500,3
DA:503,0
DA:505,0
DA:508,3
DA:511,0
DA:512,0
DA:514,0
DA:528,3
DA:531,3
DA:534,3
DA:538,3
DA:539,3
DA:546,6
DA:548,6
DA:549,14
DA:552,6
DA:553,6
DA:555,0
DA:557,3
DA:558,3
DA:560,3
DA:561,5
DA:563,3
DA:565,2
DA:566,3
DA:569,3
DA:570,3
DA:571,3
DA:572,3
DA:573,3
DA:575,3
DA:576,3
DA:577,3
DA:579,3
DA:580,3
DA:581,2
DA:582,2
DA:585,0
DA:588,0
DA:589,0
DA:590,0
DA:591,0
DA:592,0
DA:593,0
DA:594,0
DA:595,0
DA:596,0
DA:599,0
DA:603,3
DA:609,6
DA:610,6
DA:611,6
DA:612,0
DA:614,0
DA:619,6
DA:621,6
DA:623,6
DA:624,6
DA:625,6
DA:632,0
DA:633,0
DA:638,6
DA:643,3
DA:644,5
DA:650,3
DA:651,3
DA:652,5
DA:653,5
DA:654,5
DA:656,0
DA:657,0
DA:659,5
DA:660,5
DA:662,0
DA:663,0
DA:664,0
DA:665,0
DA:666,0
DA:669,0
DA:671,0
DA:672,0
DA:674,0
DA:676,5
DA:678,3
DA:686,6
DA:687,6
DA:688,6
DA:689,6
DA:690,6
DA:691,6
DA:692,6
DA:694,6
DA:704,3
DA:707,3
DA:712,3
DA:719,3
LF:296
LH:190
BRDA:8,0,0,3
BRDA:8,0,1,0
BRDA:8,1,0,0
BRDA:8,1,1,0
BRDA:10,2,0,57
BRDA:10,2,1,57
BRDA:10,3,0,57
BRDA:10,3,1,0
BRDA:10,4,0,24
BRDA:10,4,1,0
BRDA:10,5,0,0
BRDA:10,5,1,24
BRDA:22,6,0,0
BRDA:22,6,1,6
BRDA:22,7,0,6
BRDA:22,7,1,6
BRDA:24,8,0,82
BRDA:24,8,1,123
BRDA:24,9,0,0
BRDA:24,9,1,123
BRDA:26,10,0,0
BRDA:26,10,1,22
BRDA:28,11,0,0
BRDA:28,11,1,28
BRDA:28,12,0,14
BRDA:28,12,1,14
BRDA:28,13,0,28
BRDA:28,13,1,14
BRDA:28,13,2,0
BRDA:30,14,0,0
BRDA:30,14,1,24
BRDA:30,15,0,24
BRDA:30,15,1,0
BRDA:30,16,0,24
BRDA:30,16,1,24
BRDA:30,17,0,24
BRDA:30,17,1,0
BRDA:30,18,0,24
BRDA:30,18,1,0
BRDA:36,19,0,2
BRDA:36,19,1,1
BRDA:36,19,2,1
BRDA:36,19,3,2
BRDA:36,19,4,1
BRDA:56,20,0,8
BRDA:56,20,1,0
BRDA:69,21,0,1
BRDA:69,21,1,0
BRDA:75,22,0,0
BRDA:75,22,1,0
BRDA:80,23,0,0
BRDA:80,23,1,1
BRDA:81,24,0,0
BRDA:81,24,1,1
BRDA:117,25,0,0
BRDA:117,25,1,8
BRDA:137,26,0,17
BRDA:137,26,1,0
BRDA:153,27,0,6
BRDA:153,27,1,6
BRDA:155,28,0,0
BRDA:155,28,1,6
BRDA:159,29,0,6
BRDA:159,29,1,0
BRDA:163,30,0,6
BRDA:163,30,1,30
BRDA:164,31,0,0
BRDA:164,31,1,6
BRDA:164,32,0,6
BRDA:164,32,1,6
BRDA:164,32,2,0
BRDA:167,33,0,0
BRDA:167,33,1,6
BRDA:173,34,0,0
BRDA:173,34,1,6
BRDA:174,35,0,0
BRDA:174,35,1,0
BRDA:183,36,0,0
BRDA:183,36,1,6
BRDA:186,37,0,0
BRDA:186,37,1,0
BRDA:210,38,0,1
BRDA:210,38,1,13
BRDA:210,39,0,14
BRDA:210,39,1,6
BRDA:210,39,2,3
BRDA:220,40,0,1
BRDA:220,40,1,0
BRDA:221,41,0,0
BRDA:221,41,1,1
BRDA:249,42,0,8
BRDA:249,42,1,0
BRDA:264,43,0,1
BRDA:264,43,1,13
BRDA:285,44,0,0
BRDA:285,44,1,0
BRDA:303,45,0,0
BRDA:303,45,1,0
BRDA:309,46,0,0
BRDA:309,46,1,0
BRDA:315,47,0,0
BRDA:315,47,1,0
BRDA:338,48,0,0
BRDA:338,48,1,0
BRDA:362,49,0,0
BRDA:362,49,1,0
BRDA:375,50,0,0
BRDA:375,50,1,0
BRDA:416,51,0,0
BRDA:416,51,1,0
BRDA:432,52,0,0
BRDA:432,52,1,0
BRDA:433,53,0,0
BRDA:433,53,1,0
BRDA:436,54,0,0
BRDA:436,54,1,0
BRDA:436,55,0,0
BRDA:436,55,1,0
BRDA:437,56,0,0
BRDA:437,56,1,0
BRDA:438,57,0,0
BRDA:438,57,1,0
BRDA:438,58,0,0
BRDA:438,58,1,0
BRDA:439,59,0,0
BRDA:439,59,1,0
BRDA:476,60,0,0
BRDA:476,60,1,0
BRDA:505,61,0,0
BRDA:505,61,1,0
BRDA:552,62,0,6
BRDA:552,62,1,0
BRDA:558,63,0,3
BRDA:558,63,1,0
BRDA:575,64,0,3
BRDA:575,64,1,0
BRDA:579,65,0,0
BRDA:579,65,1,3
BRDA:580,66,0,2
BRDA:580,66,1,1
BRDA:585,67,0,0
BRDA:585,67,1,0
BRDA:594,68,0,0
BRDA:594,68,1,0
BRDA:595,69,0,0
BRDA:595,69,1,0
BRDA:609,70,0,0
BRDA:609,70,1,6
BRDA:611,71,0,6
BRDA:611,71,1,0
BRDA:623,72,0,0
BRDA:623,72,1,6
BRDA:624,73,0,6
BRDA:624,73,1,0
BRDA:632,74,0,0
BRDA:632,74,1,0
BRDA:634,75,0,0
BRDA:634,75,1,0
BRDA:654,76,0,0
BRDA:654,76,1,5
BRDA:654,76,2,5
BRDA:654,76,3,5
BRDA:654,76,4,5
BRDA:654,76,5,5
BRDA:654,76,6,0
BRDA:654,76,7,0
BRDA:654,76,8,0
BRDA:664,77,0,0
BRDA:664,77,1,0
BRF:169
BRH:72
end_of_record
TN:
SF:E:\react-bootstrap4-form-validation\test\jestsetup.jsx
FN:7,(anonymous_0)
FNF:1
FNH:0
FNDA:0,(anonymous_0)
DA:5,3
DA:7,3
DA:8,3
LF:3
LH:3
BRF:0
BRH:0
end_of_record
